2020-01-03T05:08:04.517Z [Authenticate] error: Login :nguyenvietthai1351997@gmail.com
2020-01-10T01:44:38.813Z [Authenticate] error: Login :nguyenvietthai1351997@gmail.com
2020-01-10T02:04:16.029Z [Authenticate] error: Login :nguyenvietthai1351997@gmail.com
2020-01-10T04:41:53.888Z [Authenticate] error: Logout :nguyenvietthai1351997@gmail.com
2020-01-10T04:42:01.464Z [Authenticate] error: Logout :nguyenvietthai1351997@gmail.com
2020-01-10T04:42:17.516Z [Authenticate] error: Logout :nguyenvietthai1351997@gmail.com
2020-01-10T04:42:59.743Z [Authenticate] error: Logout :nguyenvietthai1351997@gmail.com
2020-01-10T04:43:26.001Z [Authenticate] error: Logout :nguyenvietthai1351997@gmail.com
2020-01-10T04:58:30.484Z [Authenticate] error: Logout :systemAdmin@gmail.com
2020-01-10T04:58:54.710Z [Authenticate] error: LogoutAllAccount :nguyenvietthai1351997@gmail.com
2020-01-10T05:04:00.022Z [Authenticate] error: Logout :nguyenvietthai1351997@gmail.com
2020-01-10T05:04:22.861Z [Authenticate] error: Login :nguyenvietthai1351997@gmail.com
2020-01-10T05:13:55.564Z [Authenticate] error: Login :nguyenvietthai1351997@gmail.com
2020-01-10T05:14:13.935Z [Authenticate] error: Logout :nguyenvietthai1351997@gmail.com
2020-01-10T05:24:00.977Z [Authenticate] error: Login :nguyenvietthai1351997@gmail.com
2020-01-10T05:30:01.871Z [Authenticate] error: Login :nguyenvietthai1351997@gmail.com
2020-01-10T13:28:14.200Z [Authenticate] error: Login :nguyenvietthai1351997@gmail.com
2020-01-10T13:38:58.115Z [Authenticate] error: Login :nguyenvietthai1351997@gmail.com
2020-01-10T13:39:35.860Z [Authenticate] error: Login :nguyenvietthai1351997@gmail.com
2020-01-10T13:42:59.294Z [Authenticate] error: Login :nguyenvietthai1351997@gmail.com
2020-01-10T14:00:18.671Z [Authenticate] error: Login :nguyenvietthai1351997@gmail.com
2020-01-11T08:43:16.797Z [Authenticate] error: Login :nguyenvietthai1351997@gmail.com
2020-01-11T08:47:34.608Z [Authenticate] error: Login :nguyenvietthai1351997@gmail.com
2020-01-11T08:48:12.499Z [Authenticate] error: Login :nguyenvietthai1351997@gmail.com
2020-01-11T08:52:07.373Z [Authenticate] error: Login :nguyenvietthai1351997@gmail.com
2020-01-11T08:53:11.438Z [Authenticate] error: Login :nguyenvietthai1351997@gmail.com
2020-01-11T08:55:14.411Z [Authenticate] error: Login :nguyenvietthai1351997@gmail.com
2020-01-11T09:39:31.035Z [Authenticate] error: Login :tranhungcuong703@gmail.com
2020-01-11T09:39:39.695Z [Authenticate] error: Login :tranhungcuong703@gmail.com
