2019-12-27T11:37:58.231Z [Authenticate] info: Login :nguyenvietthai1351997@gmail.com
2019-12-28T01:35:20.642Z [Authenticate] info: Login :nguyenvietthai1351997@gmail.com
2019-12-28T01:43:29.998Z [Authenticate] info: Login :nguyenvietthai1351997@gmail.com
2019-12-28T01:48:10.890Z [Authenticate] info: Login :nguyenvietthai1351997@gmail.com
2019-12-28T01:49:03.157Z [Authenticate] info: Login :nguyenvietthai1351997@gmail.com
2019-12-28T01:53:50.834Z [Authenticate] info: Login :nguyenvietthai1351997@gmail.com
2019-12-28T01:55:57.897Z [Authenticate] info: Login :nguyenvietthai1351997@gmail.com
2019-12-28T01:57:39.166Z [Authenticate] info: Login :nguyenvietthai1351997@gmail.com
2019-12-28T02:09:46.752Z [Authenticate] info: Login :nguyenvietthai1351997@gmail.com
2019-12-28T02:11:33.976Z [Authenticate] info: Login :nguyenvietthai1351997@gmail.com
2019-12-28T02:45:18.439Z [Authenticate] info: Login :nguyenvietthai1351997@gmail.com
2020-01-03T04:46:50.649Z [Authenticate] info: Login :nguyenvietthai1351997@gmail.com
2020-01-03T04:59:01.713Z [Authenticate] info: Login :systemAdmin@gmail.com
2020-01-03T05:05:11.499Z [Authenticate] info: Login :systemAdmin@gmail.com
2020-01-03T05:05:55.537Z [Authenticate] info: Login :nguyenvietthai1351997@gmail.com
2020-01-03T05:08:04.517Z [Authenticate] error: Login :nguyenvietthai1351997@gmail.com
2020-01-03T05:08:09.939Z [Authenticate] info: Login :nguyenvietthai1351997@gmail.com
2020-01-03T07:47:11.768Z [Authenticate] info: Login :nguyenvietthai1351997@gmail.com
2020-01-10T01:21:16.121Z [Authenticate] info: Login :nguyenvietthai1351997@gmail.com
2020-01-10T01:44:38.813Z [Authenticate] error: Login :nguyenvietthai1351997@gmail.com
2020-01-10T01:44:45.569Z [Authenticate] info: Login :systemAdmin@gmail.com
2020-01-10T01:46:55.761Z [Authenticate] info: Login :nguyenvietthai1351997@gmail.com
2020-01-10T01:47:43.594Z [Authenticate] info: Login :nguyenvietthai1351997@gmail.com
2020-01-10T02:04:16.029Z [Authenticate] error: Login :nguyenvietthai1351997@gmail.com
2020-01-10T02:05:05.940Z [Authenticate] info: Login :nguyenvietthai1351997@gmail.com
2020-01-10T02:05:23.132Z [Authenticate] info: Login :nguyenvietthai1351997@gmail.com
2020-01-10T03:37:19.220Z [Authenticate] info: Login :nguyenvietthai1351997@gmail.com
2020-01-10T03:47:07.807Z [Authenticate] info: Login :nguyenvietthai1351997@gmail.com
2020-01-10T04:02:52.020Z [Authenticate] info: Login :nguyenvietthai1351997@gmail.com
2020-01-10T04:34:35.412Z [Authenticate] info: Login :nguyenvietthai1351997@gmail.com
2020-01-10T04:35:42.062Z [Authenticate] info: Login :nguyenvietthai1351997@gmail.com
2020-01-10T04:39:20.355Z [Authenticate] info: Login :nguyenvietthai1351997@gmail.com
2020-01-10T04:40:12.126Z [Authenticate] info: Login :nguyenvietthai1351997@gmail.com
2020-01-10T04:41:53.888Z [Authenticate] error: Logout :nguyenvietthai1351997@gmail.com
2020-01-10T04:42:01.464Z [Authenticate] error: Logout :nguyenvietthai1351997@gmail.com
2020-01-10T04:42:17.516Z [Authenticate] error: Logout :nguyenvietthai1351997@gmail.com
2020-01-10T04:42:59.743Z [Authenticate] error: Logout :nguyenvietthai1351997@gmail.com
2020-01-10T04:43:26.001Z [Authenticate] error: Logout :nguyenvietthai1351997@gmail.com
2020-01-10T04:44:36.675Z [Authenticate] info: Login :nguyenvietthai1351997@gmail.com
2020-01-10T04:44:43.795Z [Authenticate] info: Logout :nguyenvietthai1351997@gmail.com
2020-01-10T04:45:10.681Z [Authenticate] info: Login :nguyenvietthai1351997@gmail.com
2020-01-10T04:45:17.288Z [Authenticate] info: Logout :nguyenvietthai1351997@gmail.com
2020-01-10T04:45:27.051Z [Authenticate] info: Login :nguyenvietthai1351997@gmail.com
2020-01-10T04:58:10.961Z [Authenticate] info: Logout :nguyenvietthai1351997@gmail.com
2020-01-10T04:58:19.219Z [Authenticate] info: Login :nguyenvietthai1351997@gmail.com
2020-01-10T04:58:30.482Z [Authenticate] info: Logout :systemAdmin@gmail.com
2020-01-10T04:58:30.484Z [Authenticate] error: Logout :systemAdmin@gmail.com
2020-01-10T04:58:54.520Z [Authenticate] info: Logout :nguyenvietthai1351997@gmail.com
2020-01-10T04:58:54.709Z [Authenticate] info: LogoutAllAccount :nguyenvietthai1351997@gmail.com
2020-01-10T04:58:54.710Z [Authenticate] error: LogoutAllAccount :nguyenvietthai1351997@gmail.com
2020-01-10T04:59:25.896Z [Authenticate] info: Login :nguyenvietthai1351997@gmail.com
2020-01-10T04:59:31.281Z [Authenticate] info: Logout :nguyenvietthai1351997@gmail.com
2020-01-10T05:00:02.436Z [Authenticate] info: Login :nguyenvietthai1351997@gmail.com
2020-01-10T05:04:00.022Z [Authenticate] error: Logout :nguyenvietthai1351997@gmail.com
2020-01-10T05:04:22.861Z [Authenticate] error: Login :nguyenvietthai1351997@gmail.com
2020-01-10T05:04:31.014Z [Authenticate] info: Login :systemAdmin@gmail.com
2020-01-10T05:04:45.240Z [Authenticate] info: Logout :systemAdmin@gmail.com
2020-01-10T05:05:16.936Z [Authenticate] info: Login :systemAdmin@gmail.com
2020-01-10T05:10:11.971Z [Authenticate] info: Logout :systemAdmin@gmail.com
2020-01-10T05:10:19.733Z [Authenticate] info: Login :nguyenvietthai1351997@gmail.com
2020-01-10T05:10:23.855Z [Authenticate] info: Logout :nguyenvietthai1351997@gmail.com
2020-01-10T05:13:55.564Z [Authenticate] error: Login :nguyenvietthai1351997@gmail.com
2020-01-10T05:14:00.777Z [Authenticate] info: Login :nguyenvietthai1351997@gmail.com
2020-01-10T05:14:13.935Z [Authenticate] error: Logout :nguyenvietthai1351997@gmail.com
2020-01-10T05:14:44.122Z [Authenticate] info: Logout :nguyenvietthai1351997@gmail.com
2020-01-10T05:16:18.643Z [Authenticate] info: Login :nguyenvietthai1351997@gmail.com
2020-01-10T05:16:22.304Z [Authenticate] info: Logout :nguyenvietthai1351997@gmail.com
2020-01-10T05:17:47.039Z [Authenticate] info: Login :nguyenvietthai1351997@gmail.com
2020-01-10T05:17:52.987Z [Authenticate] info: Logout :nguyenvietthai1351997@gmail.com
2020-01-10T05:21:20.137Z [Authenticate] info: Login :nguyenvietthai1351997@gmail.com
2020-01-10T05:24:00.977Z [Authenticate] error: Login :nguyenvietthai1351997@gmail.com
2020-01-10T05:24:09.349Z [Authenticate] info: Login :nguyenvietthai1351997@gmail.com
2020-01-10T05:24:35.726Z [Authenticate] info: Logout :nguyenvietthai1351997@gmail.com
2020-01-10T05:24:43.399Z [Authenticate] info: Login :nguyenvietthai1351997@gmail.com
2020-01-10T05:27:04.675Z [Authenticate] info: LogoutAllAccount :nguyenvietthai1351997@gmail.com
2020-01-10T05:27:48.377Z [Authenticate] info: Login :nguyenvietthai1351997@gmail.com
2020-01-10T05:27:58.697Z [Authenticate] info: Login :nguyenvietthai1351997@gmail.com
2020-01-10T05:28:08.726Z [Authenticate] info: LogoutAllAccount :nguyenvietthai1351997@gmail.com
2020-01-10T05:30:01.871Z [Authenticate] error: Login :nguyenvietthai1351997@gmail.com
2020-01-10T05:30:07.585Z [Authenticate] info: Login :nguyenvietthai1351997@gmail.com
2020-01-10T05:30:34.470Z [Authenticate] info: Login :nguyenvietthai1351997@gmail.com
2020-01-10T05:30:54.040Z [Authenticate] info: Logout :nguyenvietthai1351997@gmail.com
2020-01-10T05:31:42.178Z [Authenticate] info: Login :nguyenvietthai1351997@gmail.com
2020-01-10T05:31:45.569Z [Authenticate] info: LogoutAllAccount :nguyenvietthai1351997@gmail.com
2020-01-10T05:40:44.197Z [Authenticate] info: Login :nguyenvietthai1351997@gmail.com
2020-01-10T05:40:55.226Z [Authenticate] info: Login :nguyenvietthai1351997@gmail.com
2020-01-10T05:41:01.770Z [Authenticate] info: LogoutAllAccount :nguyenvietthai1351997@gmail.com
2020-01-10T05:41:34.843Z [Authenticate] info: Login :nguyenvietthai1351997@gmail.com
2020-01-10T05:41:40.737Z [Authenticate] info: LogoutAllAccount :nguyenvietthai1351997@gmail.com
2020-01-10T05:41:44.932Z [Authenticate] info: Login :nguyenvietthai1351997@gmail.com
2020-01-10T05:50:08.473Z [Authenticate] info: Login :nguyenvietthai1351997@gmail.com
2020-01-10T06:07:58.407Z [Authenticate] info: Login :systemAdmin@gmail.com
2020-01-10T06:26:17.552Z [Authenticate] info: Logout :systemAdmin@gmail.com
2020-01-10T06:26:22.556Z [Authenticate] info: Login :nguyenvietthai1351997@gmail.com
2020-01-10T06:26:24.749Z [Authenticate] info: LogoutAllAccount :nguyenvietthai1351997@gmail.com
2020-01-10T06:30:34.292Z [Authenticate] info: Login :nguyenvietthai1351997@gmail.com
2020-01-10T06:54:26.707Z [Authenticate] info: Login :nguyenvietthai1351997@gmail.com
2020-01-10T13:28:14.200Z [Authenticate] error: Login :nguyenvietthai1351997@gmail.com
2020-01-10T13:28:22.008Z [Authenticate] info: Login :systemAdmin@gmail.com
2020-01-10T13:30:39.303Z [Authenticate] info: Login :nguyenvietthai1351997@gmail.com
2020-01-10T13:38:58.115Z [Authenticate] error: Login :nguyenvietthai1351997@gmail.com
2020-01-10T13:39:35.860Z [Authenticate] error: Login :nguyenvietthai1351997@gmail.com
2020-01-10T13:42:59.294Z [Authenticate] error: Login :nguyenvietthai1351997@gmail.com
2020-01-10T13:44:00.450Z [Authenticate] info: Login :nguyenvietthai1351997@gmail.com
2020-01-10T13:54:34.946Z [Authenticate] info: Login :systemAdmin@gmail.com
2020-01-10T13:56:52.596Z [Authenticate] info: Login :nguyenvietthai1351997@gmail.com
2020-01-10T14:00:15.040Z [Authenticate] info: Logout :systemAdmin@gmail.com
2020-01-10T14:00:18.671Z [Authenticate] error: Login :nguyenvietthai1351997@gmail.com
2020-01-10T14:01:03.972Z [Authenticate] info: Login :nguyenvietthai1351997@gmail.com
2020-01-10T14:01:55.243Z [Authenticate] info: LogoutAllAccount :nguyenvietthai1351997@gmail.com
2020-01-10T14:01:59.467Z [Authenticate] info: Login :nguyenvietthai1351997@gmail.com
2020-01-10T14:03:45.810Z [Authenticate] info: Logout :nguyenvietthai1351997@gmail.com
2020-01-10T14:03:49.552Z [Authenticate] info: Login :nguyenvietthai1351997@gmail.com
2020-01-10T15:08:35.492Z [Authenticate] info: Logout :nguyenvietthai1351997@gmail.com
2020-01-10T15:08:39.874Z [Authenticate] info: Login :nguyenvietthai1351997@gmail.com
2020-01-11T08:27:20.159Z [Authenticate] info: Login :nguyenvietthai1351997@gmail.com
2020-01-11T08:27:31.031Z [Authenticate] info: Login :nguyenvietthai1351997@gmail.com
2020-01-11T08:27:43.725Z [Authenticate] info: LogoutAllAccount :nguyenvietthai1351997@gmail.com
2020-01-11T08:28:01.482Z [Authenticate] info: Login :nguyenvietthai1351997@gmail.com
2020-01-11T08:43:16.797Z [Authenticate] error: Login :nguyenvietthai1351997@gmail.com
2020-01-11T08:47:34.608Z [Authenticate] error: Login :nguyenvietthai1351997@gmail.com
2020-01-11T08:48:12.499Z [Authenticate] error: Login :nguyenvietthai1351997@gmail.com
2020-01-11T08:52:07.373Z [Authenticate] error: Login :nguyenvietthai1351997@gmail.com
2020-01-11T08:53:11.438Z [Authenticate] error: Login :nguyenvietthai1351997@gmail.com
2020-01-11T08:54:00.168Z [Authenticate] info: Login :nguyenvietthai1351997@gmail.com
2020-01-11T08:55:08.015Z [Authenticate] info: LogoutAllAccount :nguyenvietthai1351997@gmail.com
2020-01-11T08:55:14.411Z [Authenticate] error: Login :nguyenvietthai1351997@gmail.com
2020-01-11T09:39:16.389Z [Authenticate] info: Logout :systemAdmin@gmail.com
2020-01-11T09:39:31.035Z [Authenticate] error: Login :tranhungcuong703@gmail.com
2020-01-11T09:39:39.695Z [Authenticate] error: Login :tranhungcuong703@gmail.com
2020-01-17T18:07:15.848Z [Authenticate] info: Logout :tranhungcuong703@gmail.com
2020-01-17T18:07:20.698Z [Authenticate] info: Login :systemAdmin@gmail.com
2020-01-17T18:07:25.833Z [Authenticate] info: Logout :systemAdmin@gmail.com
2020-01-17T18:07:40.313Z [Authenticate] info: Login :tranhungcuong703@gmail.com
