2020-08-16T14:39:09.758Z |GET_PROFILE| info ndh.vnist@gmail.com
2020-08-16T14:39:09.796Z |GET_LINKS_OF_ROLE| info ndh.vnist@gmail.com
2020-08-16T14:39:09.972Z |GET_PROFILE| info ndh.vnist@gmail.com
2020-08-16T14:39:09.985Z |GET_LINKS_OF_ROLE| info ndh.vnist@gmail.com
2020-08-16T14:39:10.426Z |get timer status| info ndh.vnist@gmail.com
2020-08-16T14:39:10.515Z |GET_ALL_COMPONENTS| info ndh.vnist@gmail.com
2020-08-16T14:39:10.747Z |GET_ALL_COMPONENTS| info ndh.vnist@gmail.com
2020-08-16T14:40:22.348Z |GET_PROFILE| info ndh.vnist@gmail.com
2020-08-16T14:40:22.784Z |GET_LINKS_OF_ROLE| info ndh.vnist@gmail.com
2020-08-16T14:40:22.872Z |GET_USERS| info ndh.vnist@gmail.com
2020-08-16T14:40:23.000Z |Get task templates by user 5f106f32f000733a180c0f30| info ndh.vnist@gmail.com
2020-08-16T14:40:23.551Z | get all tasks | info ndh.vnist@gmail.com
2020-08-16T14:40:23.907Z | get_task_report | info ndh.vnist@gmail.com
2020-08-16T14:40:24.031Z |GET_USERS| info ndh.vnist@gmail.com
2020-08-16T14:40:24.123Z |GET_DEPARTMENT_THAT_USER_IS_DEAN| info ndh.vnist@gmail.com
2020-08-16T14:40:24.159Z |GET_ALL_ROLES| info ndh.vnist@gmail.com
2020-08-16T14:40:24.745Z |GET_USERS| info ndh.vnist@gmail.com
2020-08-16T14:40:24.747Z |Get task templates by user 5f106f32f000733a180c0f30| info ndh.vnist@gmail.com
2020-08-16T14:40:24.794Z | get all tasks | info ndh.vnist@gmail.com
2020-08-16T14:40:25.111Z | get_task_report | info ndh.vnist@gmail.com
2020-08-16T14:40:25.206Z |GET_ALL_COMPONENTS| info ndh.vnist@gmail.com
2020-08-16T14:40:25.269Z |GET_USERS| info ndh.vnist@gmail.com
2020-08-16T14:40:25.332Z |GET_DEPARTMENT_THAT_USER_IS_DEAN| info ndh.vnist@gmail.com
2020-08-16T14:40:25.348Z |GET_ALL_ROLES| info ndh.vnist@gmail.com
2020-08-16T14:40:25.420Z |GET_USERS| info ndh.vnist@gmail.com
2020-08-16T14:40:25.517Z |GET_USERS| info ndh.vnist@gmail.com
2020-08-16T14:40:37.786Z |GET_USERS| info ndh.vnist@gmail.com
2020-08-16T14:40:37.806Z |GET_USERS| info ndh.vnist@gmail.com
2020-08-17T01:47:30.364Z |GET_USERS| info ndh.vnist@gmail.com
2020-08-17T01:47:30.415Z |GET_USERS| info ndh.vnist@gmail.com
2020-08-17T02:26:02.737Z |GET_PROFILE| info ndh.vnist@gmail.com
2020-08-17T02:26:02.768Z |GET_LINKS_OF_ROLE| info ndh.vnist@gmail.com
2020-08-17T02:26:02.908Z |GET_PROFILE| info ndh.vnist@gmail.com
2020-08-17T02:26:02.930Z |GET_LINKS_OF_ROLE| info ndh.vnist@gmail.com
2020-08-17T02:26:04.100Z |Get task templates by user 5f106f32f000733a180c0f30| info ndh.vnist@gmail.com
2020-08-17T02:26:04.135Z |GET_USERS| info ndh.vnist@gmail.com
2020-08-17T02:26:04.570Z | get all tasks | info ndh.vnist@gmail.com
2020-08-17T02:26:04.873Z |GET_USERS| info ndh.vnist@gmail.com
2020-08-17T02:26:04.937Z |GET_ALL_ROLES| info ndh.vnist@gmail.com
2020-08-17T02:26:05.084Z | get_task_report | info ndh.vnist@gmail.com
2020-08-17T02:26:05.191Z |get timer status| info ndh.vnist@gmail.com
2020-08-17T02:26:05.192Z |GET_DEPARTMENT_THAT_USER_IS_DEAN| info ndh.vnist@gmail.com
2020-08-17T02:26:05.330Z |GET_ALL_COMPONENTS| info ndh.vnist@gmail.com
2020-08-17T02:26:05.391Z |GET_ALL_COMPONENTS| info ndh.vnist@gmail.com
2020-08-17T02:26:23.037Z |GET_USERS| info ndh.vnist@gmail.com
2020-08-17T02:26:23.067Z |GET_USERS| info ndh.vnist@gmail.com
2020-08-17T02:26:23.111Z |GET_USERS| info ndh.vnist@gmail.com
2020-08-17T02:26:26.569Z |GET_USERS| info ndh.vnist@gmail.com
2020-08-17T02:26:26.592Z |GET_USERS| info ndh.vnist@gmail.com
2020-08-17T04:42:04.800Z |GET_PROFILE| info ndh.vnist@gmail.com
2020-08-17T04:42:04.867Z |GET_LINKS_OF_ROLE| info ndh.vnist@gmail.com
2020-08-17T04:42:04.954Z |GET_PROFILE| info ndh.vnist@gmail.com
2020-08-17T04:42:05.029Z |GET_LINKS_OF_ROLE| info ndh.vnist@gmail.com
2020-08-17T04:42:06.082Z |GET_USERS| info ndh.vnist@gmail.com
2020-08-17T04:42:06.818Z | get all tasks | info ndh.vnist@gmail.com
2020-08-17T04:42:07.131Z |Get task templates by user 5f106f32f000733a180c0f30| info ndh.vnist@gmail.com
2020-08-17T04:42:07.390Z | get_task_report | info ndh.vnist@gmail.com
2020-08-17T04:42:07.391Z |GET_DEPARTMENT_THAT_USER_IS_DEAN| info ndh.vnist@gmail.com
2020-08-17T04:42:07.437Z |GET_USERS| info ndh.vnist@gmail.com
2020-08-17T04:42:07.438Z |GET_ALL_ROLES| info ndh.vnist@gmail.com
2020-08-17T04:42:07.612Z |get timer status| info ndh.vnist@gmail.com
2020-08-17T04:42:07.705Z |GET_ALL_COMPONENTS| info ndh.vnist@gmail.com
2020-08-17T04:42:07.781Z |GET_ALL_COMPONENTS| info ndh.vnist@gmail.com
2020-08-17T04:42:16.211Z |GET_USERS| info ndh.vnist@gmail.com
2020-08-17T04:42:16.270Z |GET_USERS| info ndh.vnist@gmail.com
2020-08-17T04:42:16.307Z |GET_USERS| info ndh.vnist@gmail.com
2020-08-17T04:42:19.403Z |GET_USERS| info ndh.vnist@gmail.com
2020-08-17T04:42:19.469Z |GET_USERS| info ndh.vnist@gmail.com
2020-08-18T01:39:17.802Z |GET_USERS| info ndh.vnist@gmail.com
2020-08-18T01:39:17.865Z |GET_USERS| info ndh.vnist@gmail.com
2020-08-18T02:00:03.422Z |GET_PROFILE| info ndh.vnist@gmail.com
2020-08-18T02:00:03.534Z |GET_LINKS_OF_ROLE| info ndh.vnist@gmail.com
2020-08-18T02:00:03.810Z |GET_PROFILE| info ndh.vnist@gmail.com
2020-08-18T02:00:03.822Z |GET_LINKS_OF_ROLE| info ndh.vnist@gmail.com
2020-08-18T02:00:05.407Z |GET_USERS| info ndh.vnist@gmail.com
2020-08-18T02:00:05.428Z |Get task templates by user 5f106f32f000733a180c0f30| info ndh.vnist@gmail.com
2020-08-18T02:00:06.103Z | get all tasks | info ndh.vnist@gmail.com
2020-08-18T02:00:06.646Z |GET_USERS| info ndh.vnist@gmail.com
2020-08-18T02:00:06.648Z |GET_ALL_ROLES| info ndh.vnist@gmail.com
2020-08-18T02:00:06.672Z |GET_DEPARTMENT_THAT_USER_IS_DEAN| info ndh.vnist@gmail.com
2020-08-18T02:00:06.674Z | get_task_report | info ndh.vnist@gmail.com
2020-08-18T02:00:06.699Z |get timer status| info ndh.vnist@gmail.com
2020-08-18T02:00:06.965Z |GET_ALL_COMPONENTS| info ndh.vnist@gmail.com
2020-08-18T02:00:07.054Z |GET_ALL_COMPONENTS| info ndh.vnist@gmail.com
2020-08-18T02:00:07.792Z |GET_USERS| info ndh.vnist@gmail.com
2020-08-18T02:00:07.911Z |GET_USERS| info ndh.vnist@gmail.com
2020-08-18T02:00:31.798Z |GET_USERS| info ndh.vnist@gmail.com
2020-08-18T02:00:31.828Z |GET_USERS| info ndh.vnist@gmail.com
