2020-08-20T03:33:12.430Z |GET_PROFILE| info nva.vnist@gmail.com
2020-08-20T03:33:12.568Z |GET_LINKS_OF_ROLE| info nva.vnist@gmail.com
2020-08-20T03:33:12.993Z |GET_PROFILE| info nva.vnist@gmail.com
2020-08-20T03:33:13.008Z |GET_LINKS_OF_ROLE| info nva.vnist@gmail.com
2020-08-20T03:33:14.558Z |GET_USERS| info nva.vnist@gmail.com
2020-08-20T03:33:14.691Z |Get task templates by user 5f3ddd35c38b633068665e4b| info nva.vnist@gmail.com
2020-08-20T03:33:14.731Z | get all tasks | info nva.vnist@gmail.com
2020-08-20T03:33:15.017Z |GET_ALL_ROLES| info nva.vnist@gmail.com
2020-08-20T03:33:15.086Z |GET_USERS| info nva.vnist@gmail.com
2020-08-20T03:33:15.242Z | get_task_report | info nva.vnist@gmail.com
2020-08-20T03:33:15.386Z |GET_DEPARTMENT_THAT_USER_IS_DEAN| info nva.vnist@gmail.com
2020-08-20T03:33:15.435Z |get timer status| info nva.vnist@gmail.com
2020-08-20T03:33:15.666Z |GET_ALL_COMPONENTS| info nva.vnist@gmail.com
2020-08-20T03:33:15.767Z |GET_ALL_COMPONENTS| info nva.vnist@gmail.com
2020-08-20T03:33:27.761Z |GET_PROFILE| info nva.vnist@gmail.com
2020-08-20T03:33:27.823Z |GET_LINKS_OF_ROLE| info nva.vnist@gmail.com
2020-08-20T03:33:28.056Z |GET_PROFILE| info nva.vnist@gmail.com
2020-08-20T03:33:28.115Z |GET_LINKS_OF_ROLE| info nva.vnist@gmail.com
2020-08-20T03:33:29.231Z | get all tasks | info nva.vnist@gmail.com
2020-08-20T03:33:29.242Z |Get task templates by user 5f3ddd35c38b633068665e4b| info nva.vnist@gmail.com
2020-08-20T03:33:29.294Z |GET_USERS| info nva.vnist@gmail.com
2020-08-20T03:33:29.362Z |GET_ALL_ROLES| info nva.vnist@gmail.com
2020-08-20T03:33:29.455Z |GET_USERS| info nva.vnist@gmail.com
2020-08-20T03:33:29.528Z | get_task_report | info nva.vnist@gmail.com
2020-08-20T03:33:29.678Z |GET_DEPARTMENT_THAT_USER_IS_DEAN| info nva.vnist@gmail.com
2020-08-20T03:33:29.723Z |get timer status| info nva.vnist@gmail.com
2020-08-20T03:33:29.838Z |GET_ALL_COMPONENTS| info nva.vnist@gmail.com
2020-08-20T03:33:29.918Z |GET_ALL_COMPONENTS| info nva.vnist@gmail.com
2020-08-20T03:33:44.779Z |GET_USERS| info nva.vnist@gmail.com
2020-08-20T03:33:44.868Z |GET_USERS| info nva.vnist@gmail.com
2020-08-20T03:36:04.391Z |GET_PROFILE| info nva.vnist@gmail.com
2020-08-20T03:36:04.392Z |GET_LINKS_OF_ROLE| info nva.vnist@gmail.com
2020-08-20T03:36:04.497Z |GET_USERS| info nva.vnist@gmail.com
2020-08-20T03:36:04.499Z |Get task templates by user 5f3ddd35c38b633068665e4b| info nva.vnist@gmail.com
2020-08-20T03:36:04.676Z |GET_DEPARTMENT_THAT_USER_IS_DEAN| info nva.vnist@gmail.com
2020-08-20T03:36:04.691Z | get task responsible by user | info nva.vnist@gmail.com
2020-08-20T03:36:04.724Z |GET_USERS| info nva.vnist@gmail.com
2020-08-20T03:36:05.783Z |GET_USERS| info nva.vnist@gmail.com
2020-08-20T03:36:05.824Z |Get task templates by user 5f3ddd35c38b633068665e4b| info nva.vnist@gmail.com
2020-08-20T03:36:05.826Z |GET_DEPARTMENT_THAT_USER_IS_DEAN| info nva.vnist@gmail.com
2020-08-20T03:36:05.848Z | get task responsible by user | info nva.vnist@gmail.com
2020-08-20T03:36:05.941Z |GET_USERS| info nva.vnist@gmail.com
2020-08-20T03:36:06.093Z |GET_USERS| info nva.vnist@gmail.com
2020-08-20T03:36:06.165Z |GET_ALL_COMPONENTS| info nva.vnist@gmail.com
2020-08-20T03:36:06.262Z |GET_USERS| info nva.vnist@gmail.com
2020-08-20T03:36:15.255Z | get task accountable by user  | info nva.vnist@gmail.com
2020-08-20T03:36:18.974Z |GET_USERS| info nva.vnist@gmail.com
2020-08-20T03:36:19.923Z | get task by id | info nva.vnist@gmail.com
2020-08-20T03:36:20.053Z |GET_DEPARTMENT_THAT_USER_IS_DEAN| info nva.vnist@gmail.com
2020-08-20T03:36:20.132Z | get log timer  | info nva.vnist@gmail.com
2020-08-20T03:36:20.152Z |get timer status| info nva.vnist@gmail.com
2020-08-20T03:36:20.173Z | get subtask  | info nva.vnist@gmail.com
2020-08-20T03:36:20.241Z | GET_TASK_LOG  | info nva.vnist@gmail.com
2020-08-20T03:36:20.522Z | get task by id | info nva.vnist@gmail.com
2020-08-20T03:36:20.610Z |GET_DEPARTMENT_THAT_USER_IS_DEAN| info nva.vnist@gmail.com
2020-08-20T03:36:20.696Z |get timer status| info nva.vnist@gmail.com
2020-08-20T03:36:20.741Z | get log timer  | info nva.vnist@gmail.com
2020-08-20T03:36:20.746Z | get subtask  | info nva.vnist@gmail.com
2020-08-20T03:36:20.836Z | GET_TASK_LOG  | info nva.vnist@gmail.com
2020-08-20T03:36:20.940Z |GET_USERS| info nva.vnist@gmail.com
2020-08-20T03:36:21.061Z |GET_USERS| info nva.vnist@gmail.com
2020-08-20T03:36:24.082Z |GET_USERS| info nva.vnist@gmail.com
2020-08-20T03:36:51.826Z | edit task  | info nva.vnist@gmail.com
2020-08-20T03:38:40.455Z |GET_PROFILE| info nva.vnist@gmail.com
2020-08-20T03:38:40.506Z |GET_LINKS_OF_ROLE| info nva.vnist@gmail.com
2020-08-20T03:38:40.559Z |Get task templates by user 5f3ddd35c38b633068665e4b| info nva.vnist@gmail.com
2020-08-20T03:38:40.768Z |GET_USERS| info nva.vnist@gmail.com
2020-08-20T03:38:41.033Z | get all tasks | info nva.vnist@gmail.com
2020-08-20T03:38:41.099Z | get_task_report | info nva.vnist@gmail.com
2020-08-20T03:38:41.101Z |GET_USERS| info nva.vnist@gmail.com
2020-08-20T03:38:41.116Z |GET_ALL_ROLES| info nva.vnist@gmail.com
2020-08-20T03:38:41.117Z |GET_DEPARTMENT_THAT_USER_IS_DEAN| info nva.vnist@gmail.com
2020-08-20T03:38:42.296Z |Get task templates by user 5f3ddd35c38b633068665e4b| info nva.vnist@gmail.com
2020-08-20T03:38:42.298Z |GET_USERS| info nva.vnist@gmail.com
2020-08-20T03:38:42.300Z | get all tasks | info nva.vnist@gmail.com
2020-08-20T03:38:42.372Z | get_task_report | info nva.vnist@gmail.com
2020-08-20T03:38:42.402Z |GET_ALL_ROLES| info nva.vnist@gmail.com
2020-08-20T03:38:42.509Z |GET_USERS| info nva.vnist@gmail.com
2020-08-20T03:38:42.666Z |GET_DEPARTMENT_THAT_USER_IS_DEAN| info nva.vnist@gmail.com
2020-08-20T03:38:42.737Z |GET_ALL_COMPONENTS| info nva.vnist@gmail.com
2020-08-20T03:38:42.798Z |GET_USERS| info nva.vnist@gmail.com
2020-08-20T03:38:42.922Z |GET_USERS| info nva.vnist@gmail.com
2020-08-20T08:31:39.135Z |GET_PROFILE| info nva.vnist@gmail.com
2020-08-20T08:31:39.168Z |GET_LINKS_OF_ROLE| info nva.vnist@gmail.com
2020-08-20T08:31:39.329Z |GET_PROFILE| info nva.vnist@gmail.com
2020-08-20T08:31:39.340Z |GET_LINKS_OF_ROLE| info nva.vnist@gmail.com
2020-08-20T08:31:40.525Z |Get task templates by user 5f3ddd35c38b633068665e4b| info nva.vnist@gmail.com
2020-08-20T08:31:40.615Z | get all tasks | info nva.vnist@gmail.com
2020-08-20T08:31:40.715Z |GET_USERS| info nva.vnist@gmail.com
2020-08-20T08:31:40.759Z |GET_ALL_ROLES| info nva.vnist@gmail.com
2020-08-20T08:31:40.760Z | get_task_report | info nva.vnist@gmail.com
2020-08-20T08:31:40.840Z |GET_USERS| info nva.vnist@gmail.com
2020-08-20T08:31:41.040Z |get timer status| info nva.vnist@gmail.com
2020-08-20T08:31:41.042Z |GET_DEPARTMENT_THAT_USER_IS_DEAN| info nva.vnist@gmail.com
2020-08-20T08:31:41.098Z |GET_ALL_COMPONENTS| info nva.vnist@gmail.com
2020-08-20T08:31:41.181Z |GET_ALL_COMPONENTS| info nva.vnist@gmail.com
2020-08-20T08:31:46.906Z |GET_USERS| info nva.vnist@gmail.com
2020-08-20T08:31:47.004Z |GET_USERS| info nva.vnist@gmail.com
2020-08-22T01:44:37.632Z |GET_PROFILE| info nva.vnist@gmail.com
2020-08-22T01:44:37.657Z |GET_LINKS_OF_ROLE| info nva.vnist@gmail.com
2020-08-22T01:44:37.786Z |GET_PROFILE| info nva.vnist@gmail.com
2020-08-22T01:44:37.800Z |GET_LINKS_OF_ROLE| info nva.vnist@gmail.com
2020-08-22T01:44:39.730Z | get all tasks | info nva.vnist@gmail.com
2020-08-22T01:44:39.825Z |GET_USERS| info nva.vnist@gmail.com
2020-08-22T01:44:39.860Z |Get task templates by user 5f3ddd35c38b633068665e4b| info nva.vnist@gmail.com
2020-08-22T01:44:40.104Z |GET_ALL_ROLES| info nva.vnist@gmail.com
2020-08-22T01:44:40.105Z | get_task_report | info nva.vnist@gmail.com
2020-08-22T01:44:40.107Z |GET_USERS| info nva.vnist@gmail.com
2020-08-22T01:44:40.353Z |get timer status| info nva.vnist@gmail.com
2020-08-22T01:44:40.354Z |GET_DEPARTMENT_THAT_USER_IS_DEAN| info nva.vnist@gmail.com
2020-08-22T01:44:40.457Z |GET_ALL_COMPONENTS| info nva.vnist@gmail.com
2020-08-22T01:44:40.678Z |GET_ALL_COMPONENTS| info nva.vnist@gmail.com
2020-08-22T01:45:05.198Z |GET_USERS| info nva.vnist@gmail.com
2020-08-22T01:45:05.306Z |GET_USERS| info nva.vnist@gmail.com
2020-08-25T05:02:00.890Z |GET_USERS| info nvd.vnist@gmail.com
2020-08-25T05:02:01.059Z |GET_USERS| info nvd.vnist@gmail.com
2020-08-25T08:50:25.749Z |GET_PROFILE| info nva.vnist@gmail.com
2020-08-25T08:50:25.750Z |GET_LINKS_OF_ROLE| info nva.vnist@gmail.com
2020-08-25T08:50:25.957Z |GET_USERS| info nva.vnist@gmail.com
2020-08-25T08:50:25.999Z |Get task templates by user 5f3ddd35c38b633068665e4b| info nva.vnist@gmail.com
2020-08-25T08:50:26.338Z | get all tasks | info nva.vnist@gmail.com
2020-08-25T08:50:26.515Z |GET_DEPARTMENT_THAT_USER_IS_DEAN| info nva.vnist@gmail.com
2020-08-25T08:50:26.516Z |GET_ALL_ROLES| info nva.vnist@gmail.com
2020-08-25T08:50:26.518Z | get_task_report | info nva.vnist@gmail.com
2020-08-25T08:50:26.537Z |GET_USERS| info nva.vnist@gmail.com
2020-08-25T08:50:40.016Z |GET_USERS| info nva.vnist@gmail.com
2020-08-25T08:50:40.058Z |Get task templates by user 5f3ddd35c38b633068665e4b| info nva.vnist@gmail.com
2020-08-25T08:50:40.265Z | get all tasks | info nva.vnist@gmail.com
2020-08-25T08:50:40.371Z |GET_ALL_ROLES| info nva.vnist@gmail.com
2020-08-25T08:50:40.460Z | get_task_report | info nva.vnist@gmail.com
2020-08-25T08:50:40.462Z |GET_USERS| info nva.vnist@gmail.com
2020-08-25T08:50:40.565Z |GET_DEPARTMENT_THAT_USER_IS_DEAN| info nva.vnist@gmail.com
2020-08-25T08:50:40.671Z |GET_USERS| info nva.vnist@gmail.com
2020-08-25T08:50:40.682Z |GET_ALL_COMPONENTS| info nva.vnist@gmail.com
2020-08-25T08:50:40.804Z |GET_USERS| info nva.vnist@gmail.com
2020-08-25T08:52:07.525Z |GET_PROFILE| info nva.vnist@gmail.com
2020-08-25T08:52:07.555Z |GET_LINKS_OF_ROLE| info nva.vnist@gmail.com
2020-08-25T08:52:07.855Z |GET_PROFILE| info nva.vnist@gmail.com
2020-08-25T08:52:07.879Z |GET_LINKS_OF_ROLE| info nva.vnist@gmail.com
2020-08-25T08:52:09.033Z |Get task templates by user 5f3ddd35c38b633068665e4b| info nva.vnist@gmail.com
2020-08-25T08:52:09.619Z |GET_USERS| info nva.vnist@gmail.com
2020-08-25T08:52:10.000Z | get all tasks | info nva.vnist@gmail.com
2020-08-25T08:52:10.087Z |GET_DEPARTMENT_THAT_USER_IS_DEAN| info nva.vnist@gmail.com
2020-08-25T08:52:10.089Z | get_task_report | info nva.vnist@gmail.com
2020-08-25T08:52:10.124Z |GET_ALL_ROLES| info nva.vnist@gmail.com
2020-08-25T08:52:10.126Z |GET_USERS| info nva.vnist@gmail.com
2020-08-25T08:52:10.436Z |get timer status| info nva.vnist@gmail.com
2020-08-25T08:52:10.478Z |GET_ALL_COMPONENTS| info nva.vnist@gmail.com
2020-08-25T08:52:10.562Z |GET_ALL_COMPONENTS| info nva.vnist@gmail.com
2020-08-25T08:53:55.519Z |GET_USERS| info nva.vnist@gmail.com
2020-08-25T08:53:55.598Z |GET_USERS| info nva.vnist@gmail.com
2020-08-28T04:22:51.575Z |GET_PROFILE| info nva.vnist@gmail.com
2020-08-28T04:22:51.623Z |GET_LINKS_OF_ROLE| info nva.vnist@gmail.com
2020-08-28T04:22:51.875Z |GET_PROFILE| info nva.vnist@gmail.com
2020-08-28T04:22:51.877Z |GET_LINKS_OF_ROLE| info nva.vnist@gmail.com
2020-08-28T04:22:53.307Z |GET_USERS| info nva.vnist@gmail.com
2020-08-28T04:22:53.355Z |Get task templates by user 5f3ddd35c38b633068665e4b| info nva.vnist@gmail.com
2020-08-28T04:22:53.749Z | get all tasks | info nva.vnist@gmail.com
2020-08-28T04:22:54.024Z |GET_ALL_ROLES| info nva.vnist@gmail.com
2020-08-28T04:22:54.066Z | get_task_report | info nva.vnist@gmail.com
2020-08-28T04:22:54.171Z |GET_USERS| info nva.vnist@gmail.com
2020-08-28T04:22:54.253Z |GET_DEPARTMENT_THAT_USER_IS_DEAN| info nva.vnist@gmail.com
2020-08-28T04:22:54.273Z |get timer status| info nva.vnist@gmail.com
2020-08-28T04:22:54.465Z |GET_ALL_COMPONENTS| info nva.vnist@gmail.com
2020-08-28T04:22:54.539Z |GET_ALL_COMPONENTS| info nva.vnist@gmail.com
2020-08-28T04:23:01.296Z |GET_USERS| info nva.vnist@gmail.com
2020-08-28T04:23:01.443Z |GET_USERS| info nva.vnist@gmail.com
2020-08-28T04:24:45.623Z |GET_LINKS_OF_ROLE| info nva.vnist@gmail.com
2020-08-28T04:24:45.660Z |GET_PROFILE| info nva.vnist@gmail.com
2020-08-28T04:24:45.859Z |GET_LINKS_OF_ROLE| info nva.vnist@gmail.com
2020-08-28T04:24:45.862Z |GET_PROFILE| info nva.vnist@gmail.com
2020-08-28T04:24:47.085Z |Get task templates by user 5f3ddd35c38b633068665e4b| info nva.vnist@gmail.com
2020-08-28T04:24:47.635Z |GET_USERS| info nva.vnist@gmail.com
2020-08-28T04:24:47.892Z | get all tasks | info nva.vnist@gmail.com
2020-08-28T04:24:48.083Z |GET_ALL_ROLES| info nva.vnist@gmail.com
2020-08-28T04:24:48.084Z |GET_USERS| info nva.vnist@gmail.com
2020-08-28T04:24:48.276Z | get_task_report | info nva.vnist@gmail.com
2020-08-28T04:24:48.299Z |GET_DEPARTMENT_THAT_USER_IS_DEAN| info nva.vnist@gmail.com
2020-08-28T04:24:48.580Z |get timer status| info nva.vnist@gmail.com
2020-08-28T04:24:48.623Z |GET_ALL_COMPONENTS| info nva.vnist@gmail.com
2020-08-28T04:24:48.705Z |GET_ALL_COMPONENTS| info nva.vnist@gmail.com
2020-08-28T04:29:50.885Z |GET_USERS| info nva.vnist@gmail.com
2020-08-28T04:29:50.996Z |GET_USERS| info nva.vnist@gmail.com
2020-08-29T01:32:11.576Z |GET_PROFILE| info nva.vnist@gmail.com
2020-08-29T01:32:11.608Z |GET_LINKS_OF_ROLE| info nva.vnist@gmail.com
2020-08-29T01:32:11.791Z |GET_PROFILE| info nva.vnist@gmail.com
2020-08-29T01:32:11.792Z |GET_LINKS_OF_ROLE| info nva.vnist@gmail.com
2020-08-29T01:32:12.207Z |get timer status| info nva.vnist@gmail.com
2020-08-29T01:32:12.290Z |GET_ALL_COMPONENTS| info nva.vnist@gmail.com
2020-08-29T01:32:12.473Z |GET_ALL_COMPONENTS| info nva.vnist@gmail.com
2020-08-29T01:32:24.623Z |GET_PROFILE| info nva.vnist@gmail.com
2020-08-29T01:32:24.882Z |GET_LINKS_OF_ROLE| info nva.vnist@gmail.com
2020-08-29T01:32:24.956Z |GET_USERS| info nva.vnist@gmail.com
2020-08-29T01:32:24.984Z |Get task templates by user 5f3ddd35c38b633068665e4b| info nva.vnist@gmail.com
2020-08-29T01:32:25.244Z | get_task_report | info nva.vnist@gmail.com
2020-08-29T01:32:25.274Z | get all tasks | info nva.vnist@gmail.com
2020-08-29T01:32:25.332Z |GET_USERS| info nva.vnist@gmail.com
2020-08-29T01:32:25.528Z |GET_DEPARTMENT_THAT_USER_IS_DEAN| info nva.vnist@gmail.com
2020-08-29T01:32:25.529Z |GET_ALL_ROLES| info nva.vnist@gmail.com
2020-08-29T01:32:25.835Z | get all tasks | info nva.vnist@gmail.com
2020-08-29T01:32:25.904Z |GET_USERS| info nva.vnist@gmail.com
2020-08-29T01:32:25.933Z |Get task templates by user 5f3ddd35c38b633068665e4b| info nva.vnist@gmail.com
2020-08-29T01:32:26.045Z | get_task_report | info nva.vnist@gmail.com
2020-08-29T01:32:26.047Z |GET_USERS| info nva.vnist@gmail.com
2020-08-29T01:32:26.076Z |GET_ALL_ROLES| info nva.vnist@gmail.com
2020-08-29T01:32:26.150Z |GET_DEPARTMENT_THAT_USER_IS_DEAN| info nva.vnist@gmail.com
2020-08-29T01:32:26.169Z |GET_ALL_COMPONENTS| info nva.vnist@gmail.com
2020-08-29T01:32:26.505Z |GET_USERS| info nva.vnist@gmail.com
2020-08-29T01:32:26.586Z |GET_USERS| info nva.vnist@gmail.com
2020-09-09T08:15:30.958Z | create_task_report | info nva.vnist@gmail.com
2020-09-09T09:38:43.226Z |GET_PROFILE| info nva.vnist@gmail.com
2020-09-09T09:38:43.515Z |GET_LINKS_OF_ROLE| info nva.vnist@gmail.com
2020-09-09T09:38:43.542Z |GET_PROFILE| info nva.vnist@gmail.com
2020-09-09T09:38:43.624Z |GET_LINKS_OF_ROLE| info nva.vnist@gmail.com
2020-09-09T09:38:50.030Z |GET_USERS| info nva.vnist@gmail.com
2020-09-09T09:38:50.032Z |Get task templates by user 5f3ddd35c38b633068665e4b| info nva.vnist@gmail.com
2020-09-09T09:38:50.378Z |GET_USERS| info nva.vnist@gmail.com
2020-09-09T09:38:50.380Z | get all tasks | info nva.vnist@gmail.com
2020-09-09T09:38:50.670Z |GET_ALL_ROLES| info nva.vnist@gmail.com
2020-09-09T09:38:50.672Z | get_task_report | info nva.vnist@gmail.com
2020-09-09T09:38:50.910Z |get timer status| info nva.vnist@gmail.com
2020-09-09T09:38:50.911Z |GET_DEPARTMENT_THAT_USER_IS_DEAN| info nva.vnist@gmail.com
2020-09-09T09:38:51.016Z |GET_ALL_COMPONENTS| info nva.vnist@gmail.com
2020-09-09T09:38:51.939Z |GET_ALL_COMPONENTS| info nva.vnist@gmail.com
2020-09-09T09:38:56.074Z |GET_USERS| info nva.vnist@gmail.com
2020-09-09T09:38:56.180Z |GET_USERS| info nva.vnist@gmail.com
2020-09-09T09:43:05.935Z |GET_PROFILE| info nva.vnist@gmail.com
2020-09-09T09:43:06.058Z |GET_LINKS_OF_ROLE| info nva.vnist@gmail.com
2020-09-09T09:43:06.111Z |GET_PROFILE| info nva.vnist@gmail.com
2020-09-09T09:43:06.185Z |GET_LINKS_OF_ROLE| info nva.vnist@gmail.com
2020-09-09T09:43:09.835Z |GET_USERS| info nva.vnist@gmail.com
2020-09-09T09:43:09.860Z |Get task templates by user 5f3ddd35c38b633068665e4b| info nva.vnist@gmail.com
2020-09-09T09:43:10.198Z | get all tasks | info nva.vnist@gmail.com
2020-09-09T09:43:10.366Z |GET_ALL_ROLES| info nva.vnist@gmail.com
2020-09-09T09:43:10.380Z | get_task_report | info nva.vnist@gmail.com
2020-09-09T09:43:10.438Z |GET_USERS| info nva.vnist@gmail.com
2020-09-09T09:43:10.507Z |get timer status| info nva.vnist@gmail.com
2020-09-09T09:43:10.508Z |GET_DEPARTMENT_THAT_USER_IS_DEAN| info nva.vnist@gmail.com
2020-09-09T09:43:10.871Z |GET_ALL_COMPONENTS| info nva.vnist@gmail.com
2020-09-09T09:43:11.758Z |GET_ALL_COMPONENTS| info nva.vnist@gmail.com
2020-09-09T09:43:16.740Z |GET_USERS| info nva.vnist@gmail.com
2020-09-09T09:43:16.843Z |GET_USERS| info nva.vnist@gmail.com
2020-09-09T09:50:23.889Z |GET_PROFILE| info vtc.vnist@gmail.com
2020-09-09T09:50:24.062Z |GET_LINKS_OF_ROLE| info vtc.vnist@gmail.com
2020-09-09T09:50:24.208Z |GET_PROFILE| info vtc.vnist@gmail.com
2020-09-09T09:50:24.297Z |GET_LINKS_OF_ROLE| info vtc.vnist@gmail.com
2020-09-09T09:50:26.288Z |Get task templates by user 5f3ddd35c38b633068665e4d| info vtc.vnist@gmail.com
2020-09-09T09:50:26.830Z |GET_USERS| info vtc.vnist@gmail.com
2020-09-09T09:50:27.400Z | get all tasks | info vtc.vnist@gmail.com
2020-09-09T09:50:27.757Z |GET_ALL_ROLES| info vtc.vnist@gmail.com
2020-09-09T09:50:27.758Z | get_task_report | info vtc.vnist@gmail.com
2020-09-09T09:50:27.883Z |GET_DEPARTMENT_THAT_USER_IS_DEAN| info vtc.vnist@gmail.com
2020-09-09T09:50:27.974Z |GET_USERS| info vtc.vnist@gmail.com
2020-09-09T09:50:28.271Z |get timer status| info vtc.vnist@gmail.com
2020-09-09T09:50:28.375Z |GET_ALL_COMPONENTS| info vtc.vnist@gmail.com
2020-09-09T09:50:28.455Z |GET_ALL_COMPONENTS| info vtc.vnist@gmail.com
2020-09-09T09:50:29.013Z |GET_USERS| info vtc.vnist@gmail.com
2020-09-09T09:50:29.143Z |GET_USERS| info vtc.vnist@gmail.com
2020-09-09T09:50:56.955Z |GET_PROFILE| info nva.vnist@gmail.com
2020-09-09T09:50:57.094Z |GET_LINKS_OF_ROLE| info nva.vnist@gmail.com
2020-09-09T09:50:57.223Z |GET_PROFILE| info nva.vnist@gmail.com
2020-09-09T09:50:57.293Z |GET_LINKS_OF_ROLE| info nva.vnist@gmail.com
2020-09-09T09:51:03.238Z |GET_USERS| info nva.vnist@gmail.com
2020-09-09T09:51:03.246Z |Get task templates by user 5f3ddd35c38b633068665e4b| info nva.vnist@gmail.com
2020-09-09T09:51:03.313Z |GET_USERS| info nva.vnist@gmail.com
2020-09-09T09:51:03.721Z | get all tasks | info nva.vnist@gmail.com
2020-09-09T09:51:04.284Z |GET_ALL_ROLES| info nva.vnist@gmail.com
2020-09-09T09:51:04.396Z |get timer status| info nva.vnist@gmail.com
2020-09-09T09:51:04.398Z |GET_DEPARTMENT_THAT_USER_IS_DEAN| info nva.vnist@gmail.com
2020-09-09T09:51:04.403Z | get_task_report | info nva.vnist@gmail.com
2020-09-09T09:51:05.379Z |GET_ALL_COMPONENTS| info nva.vnist@gmail.com
2020-09-09T09:51:07.571Z |GET_ALL_COMPONENTS| info nva.vnist@gmail.com
2020-09-09T09:51:13.994Z |GET_USERS| info nva.vnist@gmail.com
2020-09-09T09:51:14.228Z |GET_USERS| info nva.vnist@gmail.com
2020-09-09T10:07:21.657Z |GET_PROFILE| info nva.vnist@gmail.com
2020-09-09T10:07:21.667Z |GET_LINKS_OF_ROLE| info nva.vnist@gmail.com
2020-09-09T10:07:21.866Z |GET_PROFILE| info nva.vnist@gmail.com
2020-09-09T10:07:21.879Z |GET_LINKS_OF_ROLE| info nva.vnist@gmail.com
2020-09-09T10:07:27.954Z | get task responsible by user | info nva.vnist@gmail.com
2020-09-09T10:07:31.074Z |get timer status| info nva.vnist@gmail.com
2020-09-09T10:07:32.392Z | get task accountable by user  | info nva.vnist@gmail.com
2020-09-09T10:07:32.923Z |GET_ALL_COMPONENTS| info nva.vnist@gmail.com
2020-09-09T10:07:33.107Z | get task consulted by user | info nva.vnist@gmail.com
2020-09-09T10:07:33.598Z | get task informed by user | info nva.vnist@gmail.com
2020-09-09T10:07:34.073Z | get task creator by user | info nva.vnist@gmail.com
2020-09-09T10:07:34.410Z |GET_TASK_BY_USER| info nva.vnist@gmail.com
2020-09-09T10:07:34.843Z |GET_ALL_COMPONENTS| info nva.vnist@gmail.com
2020-09-09T10:07:53.089Z |GET_PROFILE| info nva.vnist@gmail.com
2020-09-09T10:07:53.325Z |GET_LINKS_OF_ROLE| info nva.vnist@gmail.com
2020-09-09T10:07:53.438Z |GET_USERS| info nva.vnist@gmail.com
2020-09-09T10:07:53.491Z |Get task templates by user 5f3ddd35c38b633068665e4b| info nva.vnist@gmail.com
2020-09-09T10:07:53.841Z | get all tasks | info nva.vnist@gmail.com
2020-09-09T10:07:53.942Z |GET_ALL_ROLES| info nva.vnist@gmail.com
2020-09-09T10:07:54.202Z |GET_USERS| info nva.vnist@gmail.com
2020-09-09T10:07:54.221Z |GET_DEPARTMENT_THAT_USER_IS_DEAN| info nva.vnist@gmail.com
2020-09-09T10:07:54.226Z | get_task_report | info nva.vnist@gmail.com
2020-09-09T10:07:54.635Z |GET_USERS| info nva.vnist@gmail.com
2020-09-09T10:07:54.637Z |GET_ALL_ROLES| info nva.vnist@gmail.com
2020-09-09T10:07:54.639Z |Get task templates by user 5f3ddd35c38b633068665e4b| info nva.vnist@gmail.com
2020-09-09T10:07:54.937Z | get all tasks | info nva.vnist@gmail.com
2020-09-09T10:07:55.205Z | get_task_report | info nva.vnist@gmail.com
2020-09-09T10:07:55.273Z |GET_USERS| info nva.vnist@gmail.com
2020-09-09T10:07:55.306Z |GET_DEPARTMENT_THAT_USER_IS_DEAN| info nva.vnist@gmail.com
2020-09-09T10:07:55.337Z |GET_ALL_COMPONENTS| info nva.vnist@gmail.com
2020-09-09T10:07:55.421Z |GET_USERS| info nva.vnist@gmail.com
2020-09-09T10:07:55.513Z |GET_USERS| info nva.vnist@gmail.com
2020-09-09T10:07:57.439Z | get_task_report_by_id | info nva.vnist@gmail.com
2020-09-09T10:09:36.809Z |GET_PROFILE| info nva.vnist@gmail.com
2020-09-09T10:09:36.827Z |GET_LINKS_OF_ROLE| info nva.vnist@gmail.com
2020-09-09T10:09:37.099Z |GET_PROFILE| info nva.vnist@gmail.com
2020-09-09T10:09:37.129Z |GET_LINKS_OF_ROLE| info nva.vnist@gmail.com
2020-09-09T10:09:39.402Z | get all tasks | info nva.vnist@gmail.com
2020-09-09T10:09:39.766Z |GET_USERS| info nva.vnist@gmail.com
2020-09-09T10:09:39.830Z |GET_ALL_ROLES| info nva.vnist@gmail.com
2020-09-09T10:09:39.833Z |Get task templates by user 5f3ddd35c38b633068665e4b| info nva.vnist@gmail.com
2020-09-09T10:09:39.964Z |GET_USERS| info nva.vnist@gmail.com
2020-09-09T10:09:40.206Z | get_task_report | info nva.vnist@gmail.com
2020-09-09T10:09:40.390Z |get timer status| info nva.vnist@gmail.com
2020-09-09T10:09:40.392Z |GET_DEPARTMENT_THAT_USER_IS_DEAN| info nva.vnist@gmail.com
2020-09-09T10:09:40.458Z |GET_ALL_COMPONENTS| info nva.vnist@gmail.com
2020-09-09T10:09:40.532Z |GET_ALL_COMPONENTS| info nva.vnist@gmail.com
2020-09-09T10:09:49.929Z | get_task_report_by_id | info nva.vnist@gmail.com
2020-09-09T10:09:50.104Z |GET_USERS| info nva.vnist@gmail.com
2020-09-09T10:09:50.274Z |GET_USERS| info nva.vnist@gmail.com
2020-09-09T10:15:09.055Z |GET_PROFILE| info nva.vnist@gmail.com
2020-09-09T10:15:09.064Z |GET_LINKS_OF_ROLE| info nva.vnist@gmail.com
2020-09-09T10:15:09.291Z |GET_PROFILE| info nva.vnist@gmail.com
2020-09-09T10:15:09.301Z |GET_LINKS_OF_ROLE| info nva.vnist@gmail.com
2020-09-09T10:15:11.984Z |GET_USERS| info nva.vnist@gmail.com
2020-09-09T10:15:12.037Z |Get task templates by user 5f3ddd35c38b633068665e4b| info nva.vnist@gmail.com
2020-09-09T10:15:12.491Z | get all tasks | info nva.vnist@gmail.com
2020-09-09T10:15:12.877Z |GET_ALL_ROLES| info nva.vnist@gmail.com
2020-09-09T10:15:12.883Z | get_task_report | info nva.vnist@gmail.com
2020-09-09T10:15:13.027Z |GET_USERS| info nva.vnist@gmail.com
2020-09-09T10:15:13.044Z |GET_DEPARTMENT_THAT_USER_IS_DEAN| info nva.vnist@gmail.com
2020-09-09T10:15:13.126Z |get timer status| info nva.vnist@gmail.com
2020-09-09T10:15:13.342Z |GET_ALL_COMPONENTS| info nva.vnist@gmail.com
2020-09-09T10:15:13.439Z |GET_ALL_COMPONENTS| info nva.vnist@gmail.com
2020-09-09T10:15:40.539Z |GET_USERS| info nva.vnist@gmail.com
2020-09-09T10:15:40.640Z |GET_USERS| info nva.vnist@gmail.com
2020-09-09T10:16:02.597Z | get_task_report_by_id | info nva.vnist@gmail.com
2020-09-09T10:19:17.808Z |GET_PROFILE| info nva.vnist@gmail.com
2020-09-09T10:19:17.907Z |GET_LINKS_OF_ROLE| info nva.vnist@gmail.com
2020-09-09T10:19:18.011Z |GET_PROFILE| info nva.vnist@gmail.com
2020-09-09T10:19:18.086Z |GET_LINKS_OF_ROLE| info nva.vnist@gmail.com
2020-09-09T10:19:19.991Z | get task responsible by user | info nva.vnist@gmail.com
2020-09-09T10:19:20.493Z |get timer status| info nva.vnist@gmail.com
2020-09-09T10:19:21.105Z | get task accountable by user  | info nva.vnist@gmail.com
2020-09-09T10:19:21.610Z | get task consulted by user | info nva.vnist@gmail.com
2020-09-09T10:19:21.942Z | get task informed by user | info nva.vnist@gmail.com
2020-09-09T10:19:21.993Z |GET_ALL_COMPONENTS| info nva.vnist@gmail.com
2020-09-09T10:19:21.995Z | get task creator by user | info nva.vnist@gmail.com
2020-09-09T10:19:22.203Z |GET_TASK_BY_USER| info nva.vnist@gmail.com
2020-09-09T10:19:22.289Z |GET_ALL_COMPONENTS| info nva.vnist@gmail.com
2020-09-09T10:20:13.179Z |GET_PROFILE| info nva.vnist@gmail.com
2020-09-09T10:20:13.181Z |GET_LINKS_OF_ROLE| info nva.vnist@gmail.com
2020-09-09T10:20:13.577Z |GET_USERS| info nva.vnist@gmail.com
2020-09-09T10:20:13.579Z |Get task templates by user 5f3ddd35c38b633068665e4b| info nva.vnist@gmail.com
2020-09-09T10:20:13.907Z | get all tasks | info nva.vnist@gmail.com
2020-09-09T10:20:14.069Z |GET_ALL_ROLES| info nva.vnist@gmail.com
2020-09-09T10:20:14.113Z |GET_DEPARTMENT_THAT_USER_IS_DEAN| info nva.vnist@gmail.com
2020-09-09T10:20:14.317Z |GET_USERS| info nva.vnist@gmail.com
2020-09-09T10:20:14.349Z | get_task_report | info nva.vnist@gmail.com
2020-09-09T10:20:14.989Z | get all tasks | info nva.vnist@gmail.com
2020-09-09T10:20:15.368Z |GET_USERS| info nva.vnist@gmail.com
2020-09-09T10:20:15.370Z |GET_DEPARTMENT_THAT_USER_IS_DEAN| info nva.vnist@gmail.com
2020-09-09T10:20:15.384Z |GET_ALL_ROLES| info nva.vnist@gmail.com
2020-09-09T10:20:15.414Z |Get task templates by user 5f3ddd35c38b633068665e4b| info nva.vnist@gmail.com
2020-09-09T10:20:15.493Z |GET_USERS| info nva.vnist@gmail.com
2020-09-09T10:20:15.746Z | get_task_report | info nva.vnist@gmail.com
2020-09-09T10:20:15.777Z |GET_ALL_COMPONENTS| info nva.vnist@gmail.com
2020-09-09T10:20:15.941Z |GET_USERS| info nva.vnist@gmail.com
2020-09-09T10:20:16.054Z |GET_USERS| info nva.vnist@gmail.com
2020-09-09T10:22:56.908Z | get_task_report_by_id | info nva.vnist@gmail.com
2020-09-09T10:25:39.126Z |GET_PROFILE| info nva.vnist@gmail.com
2020-09-09T10:25:39.133Z |GET_LINKS_OF_ROLE| info nva.vnist@gmail.com
2020-09-09T10:25:39.303Z |GET_PROFILE| info nva.vnist@gmail.com
2020-09-09T10:25:39.318Z |GET_LINKS_OF_ROLE| info nva.vnist@gmail.com
2020-09-09T10:25:41.932Z | get task responsible by user | info nva.vnist@gmail.com
2020-09-09T10:25:42.624Z |get timer status| info nva.vnist@gmail.com
2020-09-09T10:25:43.230Z | get task accountable by user  | info nva.vnist@gmail.com
2020-09-09T10:25:43.914Z | get task consulted by user | info nva.vnist@gmail.com
2020-09-09T10:25:43.955Z | get task informed by user | info nva.vnist@gmail.com
2020-09-09T10:25:44.017Z |GET_ALL_COMPONENTS| info nva.vnist@gmail.com
2020-09-09T10:25:44.326Z | get task creator by user | info nva.vnist@gmail.com
2020-09-09T10:25:44.526Z |GET_TASK_BY_USER| info nva.vnist@gmail.com
2020-09-09T10:25:44.604Z |GET_ALL_COMPONENTS| info nva.vnist@gmail.com
2020-09-09T10:26:05.789Z |GET_PROFILE| info nva.vnist@gmail.com
2020-09-09T10:26:06.106Z |GET_LINKS_OF_ROLE| info nva.vnist@gmail.com
2020-09-09T10:26:06.254Z |GET_USERS| info nva.vnist@gmail.com
2020-09-09T10:26:06.256Z |Get task templates by user 5f3ddd35c38b633068665e4b| info nva.vnist@gmail.com
2020-09-09T10:26:06.576Z | get all tasks | info nva.vnist@gmail.com
2020-09-09T10:26:06.588Z |GET_USERS| info nva.vnist@gmail.com
2020-09-09T10:26:06.832Z |GET_ALL_ROLES| info nva.vnist@gmail.com
2020-09-09T10:26:07.005Z |GET_DEPARTMENT_THAT_USER_IS_DEAN| info nva.vnist@gmail.com
2020-09-09T10:26:07.009Z | get_task_report | info nva.vnist@gmail.com
2020-09-09T10:26:07.339Z |Get task templates by user 5f3ddd35c38b633068665e4b| info nva.vnist@gmail.com
2020-09-09T10:26:07.757Z |GET_USERS| info nva.vnist@gmail.com
2020-09-09T10:26:08.032Z | get all tasks | info nva.vnist@gmail.com
2020-09-09T10:26:08.313Z |GET_ALL_ROLES| info nva.vnist@gmail.com
2020-09-09T10:26:08.484Z | get_task_report | info nva.vnist@gmail.com
2020-09-09T10:26:08.525Z |GET_DEPARTMENT_THAT_USER_IS_DEAN| info nva.vnist@gmail.com
2020-09-09T10:26:08.527Z |GET_USERS| info nva.vnist@gmail.com
2020-09-09T10:26:08.603Z |GET_ALL_COMPONENTS| info nva.vnist@gmail.com
2020-09-09T10:26:09.218Z |GET_USERS| info nva.vnist@gmail.com
2020-09-09T10:26:09.368Z |GET_USERS| info nva.vnist@gmail.com
2020-09-09T10:26:11.927Z | get_task_report_by_id | info nva.vnist@gmail.com
2020-09-09T10:29:01.032Z |GET_PROFILE| info nva.vnist@gmail.com
2020-09-09T10:29:01.157Z |GET_LINKS_OF_ROLE| info nva.vnist@gmail.com
2020-09-09T10:29:01.278Z |GET_PROFILE| info nva.vnist@gmail.com
2020-09-09T10:29:01.338Z |GET_LINKS_OF_ROLE| info nva.vnist@gmail.com
2020-09-09T10:29:04.283Z |GET_USERS| info nva.vnist@gmail.com
2020-09-09T10:29:04.319Z |Get task templates by user 5f3ddd35c38b633068665e4b| info nva.vnist@gmail.com
2020-09-09T10:29:04.737Z | get all tasks | info nva.vnist@gmail.com
2020-09-09T10:29:05.132Z |GET_ALL_ROLES| info nva.vnist@gmail.com
2020-09-09T10:29:05.135Z |GET_USERS| info nva.vnist@gmail.com
2020-09-09T10:29:05.245Z | get_task_report | info nva.vnist@gmail.com
2020-09-09T10:29:05.511Z |GET_DEPARTMENT_THAT_USER_IS_DEAN| info nva.vnist@gmail.com
2020-09-09T10:29:05.529Z |get timer status| info nva.vnist@gmail.com
2020-09-09T10:29:05.776Z |GET_ALL_COMPONENTS| info nva.vnist@gmail.com
2020-09-09T10:29:05.864Z |GET_ALL_COMPONENTS| info nva.vnist@gmail.com
2020-09-09T10:29:13.083Z | get_task_report_by_id | info nva.vnist@gmail.com
2020-09-09T10:29:13.237Z |GET_USERS| info nva.vnist@gmail.com
2020-09-09T10:29:13.376Z |GET_USERS| info nva.vnist@gmail.com
2020-09-09T10:30:17.117Z |GET_PROFILE| info nva.vnist@gmail.com
2020-09-09T10:30:17.155Z |GET_LINKS_OF_ROLE| info nva.vnist@gmail.com
2020-09-09T10:30:17.454Z |GET_PROFILE| info nva.vnist@gmail.com
2020-09-09T10:30:17.464Z |GET_LINKS_OF_ROLE| info nva.vnist@gmail.com
2020-09-09T10:30:21.013Z |GET_USERS| info nva.vnist@gmail.com
2020-09-09T10:30:21.053Z |Get task templates by user 5f3ddd35c38b633068665e4b| info nva.vnist@gmail.com
2020-09-09T10:30:21.687Z | get all tasks | info nva.vnist@gmail.com
2020-09-09T10:30:22.051Z |GET_ALL_ROLES| info nva.vnist@gmail.com
2020-09-09T10:30:22.318Z | get_task_report | info nva.vnist@gmail.com
2020-09-09T10:30:22.488Z |GET_USERS| info nva.vnist@gmail.com
2020-09-09T10:30:22.576Z |GET_DEPARTMENT_THAT_USER_IS_DEAN| info nva.vnist@gmail.com
2020-09-09T10:30:22.635Z |get timer status| info nva.vnist@gmail.com
2020-09-09T10:30:22.934Z |GET_ALL_COMPONENTS| info nva.vnist@gmail.com
2020-09-09T10:30:23.080Z |GET_ALL_COMPONENTS| info nva.vnist@gmail.com
2020-09-09T10:30:58.913Z | get_task_report_by_id | info nva.vnist@gmail.com
2020-09-09T10:30:58.993Z |GET_USERS| info nva.vnist@gmail.com
2020-09-09T10:30:59.110Z |GET_USERS| info nva.vnist@gmail.com
2020-09-09T10:39:14.407Z |GET_PROFILE| info nva.vnist@gmail.com
2020-09-09T10:39:14.428Z |GET_LINKS_OF_ROLE| info nva.vnist@gmail.com
2020-09-09T10:39:14.573Z |GET_PROFILE| info nva.vnist@gmail.com
2020-09-09T10:39:14.575Z |GET_LINKS_OF_ROLE| info nva.vnist@gmail.com
2020-09-09T10:39:15.820Z | get all tasks | info nva.vnist@gmail.com
2020-09-09T10:39:16.093Z |GET_USERS| info nva.vnist@gmail.com
2020-09-09T10:39:16.118Z |Get task templates by user 5f3ddd35c38b633068665e4b| info nva.vnist@gmail.com
2020-09-09T10:39:16.196Z |GET_USERS| info nva.vnist@gmail.com
2020-09-09T10:39:16.319Z |GET_ALL_ROLES| info nva.vnist@gmail.com
2020-09-09T10:39:16.341Z | get_task_report | info nva.vnist@gmail.com
2020-09-09T10:39:16.483Z |get timer status| info nva.vnist@gmail.com
2020-09-09T10:39:16.504Z |GET_DEPARTMENT_THAT_USER_IS_DEAN| info nva.vnist@gmail.com
2020-09-09T10:39:16.566Z |GET_ALL_COMPONENTS| info nva.vnist@gmail.com
2020-09-09T10:39:16.637Z |GET_ALL_COMPONENTS| info nva.vnist@gmail.com
2020-09-09T10:40:32.756Z | get_task_report_by_id | info nva.vnist@gmail.com
2020-09-09T10:40:32.838Z |GET_USERS| info nva.vnist@gmail.com
2020-09-09T10:40:32.947Z |GET_USERS| info nva.vnist@gmail.com
2020-09-09T10:42:20.332Z |GET_PROFILE| info nva.vnist@gmail.com
2020-09-09T10:42:20.337Z |GET_LINKS_OF_ROLE| info nva.vnist@gmail.com
2020-09-09T10:42:20.527Z |GET_PROFILE| info nva.vnist@gmail.com
2020-09-09T10:42:20.529Z |GET_LINKS_OF_ROLE| info nva.vnist@gmail.com
2020-09-09T10:42:21.742Z | get all tasks | info nva.vnist@gmail.com
2020-09-09T10:42:21.974Z |GET_USERS| info nva.vnist@gmail.com
2020-09-09T10:42:22.014Z |Get task templates by user 5f3ddd35c38b633068665e4b| info nva.vnist@gmail.com
2020-09-09T10:42:22.189Z |GET_USERS| info nva.vnist@gmail.com
2020-09-09T10:42:22.190Z |GET_ALL_ROLES| info nva.vnist@gmail.com
2020-09-09T10:42:22.208Z | get_task_report | info nva.vnist@gmail.com
2020-09-09T10:42:22.373Z |get timer status| info nva.vnist@gmail.com
2020-09-09T10:42:22.395Z |GET_DEPARTMENT_THAT_USER_IS_DEAN| info nva.vnist@gmail.com
2020-09-09T10:42:22.472Z |GET_ALL_COMPONENTS| info nva.vnist@gmail.com
2020-09-09T10:42:22.538Z |GET_ALL_COMPONENTS| info nva.vnist@gmail.com
2020-09-09T10:48:49.596Z | get_task_report_by_id | info nva.vnist@gmail.com
2020-09-09T10:48:49.685Z |GET_USERS| info nva.vnist@gmail.com
2020-09-09T10:48:49.796Z |GET_USERS| info nva.vnist@gmail.com
2020-09-09T10:51:58.473Z |GET_PROFILE| info nva.vnist@gmail.com
2020-09-09T10:51:58.506Z |GET_LINKS_OF_ROLE| info nva.vnist@gmail.com
2020-09-09T10:51:58.677Z |GET_PROFILE| info nva.vnist@gmail.com
2020-09-09T10:51:58.697Z |GET_LINKS_OF_ROLE| info nva.vnist@gmail.com
2020-09-09T10:52:00.246Z |Get task templates by user 5f3ddd35c38b633068665e4b| info nva.vnist@gmail.com
2020-09-09T10:52:00.951Z | get all tasks | info nva.vnist@gmail.com
2020-09-09T10:52:01.083Z |GET_USERS| info nva.vnist@gmail.com
2020-09-09T10:52:01.286Z |GET_ALL_ROLES| info nva.vnist@gmail.com
2020-09-09T10:52:01.311Z | get_task_report | info nva.vnist@gmail.com
2020-09-09T10:52:01.336Z |GET_USERS| info nva.vnist@gmail.com
2020-09-09T10:52:01.380Z |GET_DEPARTMENT_THAT_USER_IS_DEAN| info nva.vnist@gmail.com
2020-09-09T10:52:01.560Z |get timer status| info nva.vnist@gmail.com
2020-09-09T10:52:01.646Z |GET_ALL_COMPONENTS| info nva.vnist@gmail.com
2020-09-09T10:52:01.722Z |GET_ALL_COMPONENTS| info nva.vnist@gmail.com
2020-09-09T10:52:07.890Z | get_task_report_by_id | info nva.vnist@gmail.com
2020-09-09T10:52:08.000Z |GET_USERS| info nva.vnist@gmail.com
2020-09-09T10:52:08.104Z |GET_USERS| info nva.vnist@gmail.com
2020-09-09T10:57:52.144Z |GET_PROFILE| info nva.vnist@gmail.com
2020-09-09T10:57:52.177Z |GET_LINKS_OF_ROLE| info nva.vnist@gmail.com
2020-09-09T10:57:52.354Z |GET_PROFILE| info nva.vnist@gmail.com
2020-09-09T10:57:52.387Z |GET_LINKS_OF_ROLE| info nva.vnist@gmail.com
2020-09-09T10:57:53.524Z |Get task templates by user 5f3ddd35c38b633068665e4b| info nva.vnist@gmail.com
2020-09-09T10:57:54.324Z | get all tasks | info nva.vnist@gmail.com
2020-09-09T10:57:54.759Z |GET_USERS| info nva.vnist@gmail.com
2020-09-09T10:57:55.041Z |GET_ALL_ROLES| info nva.vnist@gmail.com
2020-09-09T10:57:55.042Z | get_task_report | info nva.vnist@gmail.com
2020-09-09T10:57:55.076Z |GET_USERS| info nva.vnist@gmail.com
2020-09-09T10:57:55.314Z |get timer status| info nva.vnist@gmail.com
2020-09-09T10:57:55.316Z |GET_DEPARTMENT_THAT_USER_IS_DEAN| info nva.vnist@gmail.com
2020-09-09T10:57:55.404Z |GET_ALL_COMPONENTS| info nva.vnist@gmail.com
2020-09-09T10:57:55.491Z |GET_ALL_COMPONENTS| info nva.vnist@gmail.com
2020-09-09T10:58:02.881Z | get_task_report | info nva.vnist@gmail.com
2020-09-09T10:58:02.920Z |GET_USERS| info nva.vnist@gmail.com
2020-09-09T10:58:03.020Z |GET_USERS| info nva.vnist@gmail.com
2020-09-09T10:58:04.509Z | get_task_report_by_id | info nva.vnist@gmail.com
2020-09-09T11:00:23.251Z |GET_LINKS_OF_ROLE| info nva.vnist@gmail.com
2020-09-09T11:00:23.292Z |GET_PROFILE| info nva.vnist@gmail.com
2020-09-09T11:00:23.437Z |GET_LINKS_OF_ROLE| info nva.vnist@gmail.com
2020-09-09T11:00:23.452Z |GET_PROFILE| info nva.vnist@gmail.com
2020-09-09T11:00:24.045Z |get timer status| info nva.vnist@gmail.com
2020-09-09T11:00:24.206Z |GET_ALL_COMPONENTS| info nva.vnist@gmail.com
2020-09-09T11:00:24.925Z | get task responsible by user | info nva.vnist@gmail.com
2020-09-09T11:00:25.456Z | get task accountable by user  | info nva.vnist@gmail.com
2020-09-09T11:00:25.679Z | get task consulted by user | info nva.vnist@gmail.com
2020-09-09T11:00:25.733Z | get task informed by user | info nva.vnist@gmail.com
2020-09-09T11:00:26.037Z | get task creator by user | info nva.vnist@gmail.com
2020-09-09T11:00:26.232Z |GET_TASK_BY_USER| info nva.vnist@gmail.com
2020-09-09T11:00:26.295Z |GET_ALL_COMPONENTS| info nva.vnist@gmail.com
2020-09-09T11:00:32.815Z | get all tasks | info nva.vnist@gmail.com
2020-09-09T11:00:32.919Z |GET_PROFILE| info nva.vnist@gmail.com
2020-09-09T11:00:32.921Z |GET_LINKS_OF_ROLE| info nva.vnist@gmail.com
2020-09-09T11:00:33.000Z |GET_USERS| info nva.vnist@gmail.com
2020-09-09T11:00:33.027Z |Get task templates by user 5f3ddd35c38b633068665e4b| info nva.vnist@gmail.com
2020-09-09T11:00:33.100Z |GET_USERS| info nva.vnist@gmail.com
2020-09-09T11:00:33.373Z |GET_ALL_ROLES| info nva.vnist@gmail.com
2020-09-09T11:00:33.375Z |GET_DEPARTMENT_THAT_USER_IS_DEAN| info nva.vnist@gmail.com
2020-09-09T11:00:33.377Z | get_task_report | info nva.vnist@gmail.com
2020-09-09T11:00:34.253Z |GET_USERS| info nva.vnist@gmail.com
2020-09-09T11:00:34.292Z |Get task templates by user 5f3ddd35c38b633068665e4b| info nva.vnist@gmail.com
2020-09-09T11:00:34.806Z | get all tasks | info nva.vnist@gmail.com
2020-09-09T11:00:35.063Z |GET_ALL_ROLES| info nva.vnist@gmail.com
2020-09-09T11:00:35.065Z | get_task_report | info nva.vnist@gmail.com
2020-09-09T11:00:35.172Z |GET_USERS| info nva.vnist@gmail.com
2020-09-09T11:00:35.248Z |GET_DEPARTMENT_THAT_USER_IS_DEAN| info nva.vnist@gmail.com
2020-09-09T11:00:35.286Z |GET_ALL_COMPONENTS| info nva.vnist@gmail.com
2020-09-09T11:00:35.867Z |GET_USERS| info nva.vnist@gmail.com
2020-09-09T11:00:36.017Z |GET_USERS| info nva.vnist@gmail.com
2020-09-09T13:43:13.647Z | get_task_report_by_id | info nva.vnist@gmail.com
2020-09-09T14:02:48.708Z |GET_PROFILE| info nva.vnist@gmail.com
2020-09-09T14:02:48.715Z |GET_LINKS_OF_ROLE| info nva.vnist@gmail.com
2020-09-09T14:02:48.902Z |GET_PROFILE| info nva.vnist@gmail.com
2020-09-09T14:02:48.913Z |GET_LINKS_OF_ROLE| info nva.vnist@gmail.com
2020-09-09T14:02:50.333Z | get all tasks | info nva.vnist@gmail.com
2020-09-09T14:02:50.478Z |GET_USERS| info nva.vnist@gmail.com
2020-09-09T14:02:50.547Z |Get task templates by user 5f3ddd35c38b633068665e4b| info nva.vnist@gmail.com
2020-09-09T14:02:50.662Z |GET_ALL_ROLES| info nva.vnist@gmail.com
2020-09-09T14:02:50.681Z |GET_USERS| info nva.vnist@gmail.com
2020-09-09T14:02:50.870Z | get_task_report | info nva.vnist@gmail.com
2020-09-09T14:02:50.990Z |get timer status| info nva.vnist@gmail.com
2020-09-09T14:02:50.991Z |GET_DEPARTMENT_THAT_USER_IS_DEAN| info nva.vnist@gmail.com
2020-09-09T14:02:51.104Z |GET_ALL_COMPONENTS| info nva.vnist@gmail.com
2020-09-09T14:02:51.172Z |GET_ALL_COMPONENTS| info nva.vnist@gmail.com
2020-09-09T14:02:56.757Z |GET_USERS| info nva.vnist@gmail.com
2020-09-09T14:02:56.837Z |GET_USERS| info nva.vnist@gmail.com
2020-09-09T14:05:37.995Z | get_task_report_by_id | info nva.vnist@gmail.com
2020-09-11T05:15:31.368Z |GET_PROFILE| info nvd.vnist@gmail.com
2020-09-11T05:15:31.409Z |GET_LINKS_OF_ROLE| info nvd.vnist@gmail.com
2020-09-11T05:15:31.622Z |GET_PROFILE| info nvd.vnist@gmail.com
2020-09-11T05:15:31.631Z |GET_LINKS_OF_ROLE| info nvd.vnist@gmail.com
2020-09-11T05:15:33.036Z |GET_USERS| info nvd.vnist@gmail.com
2020-09-11T05:15:33.062Z |Get task templates by user 5f3ddd35c38b633068665e4e| info nvd.vnist@gmail.com
2020-09-11T05:15:33.481Z | get all tasks | info nvd.vnist@gmail.com
2020-09-11T05:15:33.630Z |get timer status| info nvd.vnist@gmail.com
2020-09-11T05:15:33.663Z |GET_ALL_ROLES| info nvd.vnist@gmail.com
2020-09-11T05:15:33.913Z |GET_DEPARTMENT_THAT_USER_IS_DEAN| info nvd.vnist@gmail.com
2020-09-11T05:15:33.939Z |GET_USERS| info nvd.vnist@gmail.com
2020-09-11T05:15:33.941Z | get_task_report | info nvd.vnist@gmail.com
2020-09-11T05:15:34.127Z |GET_ALL_COMPONENTS| info nvd.vnist@gmail.com
2020-09-11T05:15:34.198Z |GET_ALL_COMPONENTS| info nvd.vnist@gmail.com
2020-09-11T05:15:48.901Z | get_task_report_by_id | info nvd.vnist@gmail.com
2020-09-11T05:15:49.281Z |GET_DEPARTMENT_THAT_USER_IS_DEAN| info nvd.vnist@gmail.com
2020-09-11T05:15:49.339Z |GET_USERS| info nvd.vnist@gmail.com
2020-09-11T05:15:49.406Z |Get task templates by user 5f3ddd35c38b633068665e4e| info nvd.vnist@gmail.com
2020-09-11T05:15:49.453Z |GET_ALL_ROLES| info nvd.vnist@gmail.com
2020-09-11T05:15:49.475Z |GET_USERS| info nvd.vnist@gmail.com
2020-09-11T05:15:49.528Z |GET_USERS| info nvd.vnist@gmail.com
2020-09-11T05:15:49.637Z |GET_USERS| info nvd.vnist@gmail.com
2020-09-11T05:15:49.744Z |GET_USERS| info nvd.vnist@gmail.com
