2020-08-16T14:39:10.374Z |GET_MANUAL_NOTIFICATIONS| info ndh.vnist@gmail.com
2020-08-16T14:39:10.406Z |GET_ALL_NOTIFICATIONS| info ndh.vnist@gmail.com
2020-08-16T14:40:22.278Z |GET_MANUAL_NOTIFICATIONS| info ndh.vnist@gmail.com
2020-08-16T14:40:22.344Z |GET_ALL_NOTIFICATIONS| info ndh.vnist@gmail.com
2020-08-17T02:26:05.285Z |GET_MANUAL_NOTIFICATIONS| info ndh.vnist@gmail.com
2020-08-17T02:26:05.286Z |GET_ALL_NOTIFICATIONS| info ndh.vnist@gmail.com
2020-08-17T04:42:07.579Z |GET_ALL_NOTIFICATIONS| info ndh.vnist@gmail.com
2020-08-17T04:42:07.654Z |GET_MANUAL_NOTIFICATIONS| info ndh.vnist@gmail.com
2020-08-18T02:00:06.890Z |GET_MANUAL_NOTIFICATIONS| info ndh.vnist@gmail.com
2020-08-18T02:00:06.923Z |GET_ALL_NOTIFICATIONS| info ndh.vnist@gmail.com
2020-08-20T03:33:15.511Z |GET_MANUAL_NOTIFICATIONS| info nva.vnist@gmail.com
2020-08-20T03:33:15.582Z |GET_ALL_NOTIFICATIONS| info nva.vnist@gmail.com
2020-08-20T03:33:29.722Z |GET_MANUAL_NOTIFICATIONS| info nva.vnist@gmail.com
2020-08-20T03:33:29.746Z |GET_ALL_NOTIFICATIONS| info nva.vnist@gmail.com
2020-08-20T03:36:04.352Z |GET_MANUAL_NOTIFICATIONS| info nva.vnist@gmail.com
2020-08-20T03:36:04.354Z |GET_ALL_NOTIFICATIONS| info nva.vnist@gmail.com
2020-08-20T03:38:40.361Z |GET_MANUAL_NOTIFICATIONS| info nva.vnist@gmail.com
2020-08-20T03:38:40.371Z |GET_ALL_NOTIFICATIONS| info nva.vnist@gmail.com
2020-08-20T08:31:41.022Z |GET_MANUAL_NOTIFICATIONS| info nva.vnist@gmail.com
2020-08-20T08:31:41.039Z |GET_ALL_NOTIFICATIONS| info nva.vnist@gmail.com
2020-08-22T01:44:40.352Z |GET_MANUAL_NOTIFICATIONS| info nva.vnist@gmail.com
2020-08-22T01:44:40.390Z |GET_ALL_NOTIFICATIONS| info nva.vnist@gmail.com
2020-08-25T08:50:25.558Z |GET_MANUAL_NOTIFICATIONS| info nva.vnist@gmail.com
2020-08-25T08:50:25.565Z |GET_ALL_NOTIFICATIONS| info nva.vnist@gmail.com
2020-08-25T08:52:10.229Z |GET_MANUAL_NOTIFICATIONS| info nva.vnist@gmail.com
2020-08-25T08:52:10.424Z |GET_ALL_NOTIFICATIONS| info nva.vnist@gmail.com
2020-08-28T04:22:54.394Z |GET_MANUAL_NOTIFICATIONS| info nva.vnist@gmail.com
2020-08-28T04:22:54.417Z |GET_ALL_NOTIFICATIONS| info nva.vnist@gmail.com
2020-08-28T04:24:48.466Z |GET_MANUAL_NOTIFICATIONS| info nva.vnist@gmail.com
2020-08-28T04:24:48.566Z |GET_ALL_NOTIFICATIONS| info nva.vnist@gmail.com
2020-08-29T01:32:12.172Z |GET_MANUAL_NOTIFICATIONS| info nva.vnist@gmail.com
2020-08-29T01:32:12.189Z |GET_ALL_NOTIFICATIONS| info nva.vnist@gmail.com
2020-08-29T01:32:24.496Z |GET_MANUAL_NOTIFICATIONS| info nva.vnist@gmail.com
2020-08-29T01:32:24.548Z |GET_ALL_NOTIFICATIONS| info nva.vnist@gmail.com
2020-09-09T09:38:50.951Z |GET_MANUAL_NOTIFICATIONS| info nva.vnist@gmail.com
2020-09-09T09:38:50.979Z |GET_ALL_NOTIFICATIONS| info nva.vnist@gmail.com
2020-09-09T09:43:10.565Z |GET_MANUAL_NOTIFICATIONS| info nva.vnist@gmail.com
2020-09-09T09:43:10.566Z |GET_ALL_NOTIFICATIONS| info nva.vnist@gmail.com
2020-09-09T09:50:28.297Z |GET_MANUAL_NOTIFICATIONS| info vtc.vnist@gmail.com
2020-09-09T09:50:28.300Z |GET_ALL_NOTIFICATIONS| info vtc.vnist@gmail.com
2020-09-09T09:51:04.360Z |GET_MANUAL_NOTIFICATIONS| info nva.vnist@gmail.com
2020-09-09T09:51:04.471Z |GET_ALL_NOTIFICATIONS| info nva.vnist@gmail.com
2020-09-09T10:07:31.086Z |GET_MANUAL_NOTIFICATIONS| info nva.vnist@gmail.com
2020-09-09T10:07:31.207Z |GET_ALL_NOTIFICATIONS| info nva.vnist@gmail.com
2020-09-09T10:07:53.056Z |GET_MANUAL_NOTIFICATIONS| info nva.vnist@gmail.com
2020-09-09T10:07:53.085Z |GET_ALL_NOTIFICATIONS| info nva.vnist@gmail.com
2020-09-09T10:09:40.354Z |GET_MANUAL_NOTIFICATIONS| info nva.vnist@gmail.com
2020-09-09T10:09:40.389Z |GET_ALL_NOTIFICATIONS| info nva.vnist@gmail.com
2020-09-09T10:15:13.270Z |GET_MANUAL_NOTIFICATIONS| info nva.vnist@gmail.com
2020-09-09T10:15:13.299Z |GET_ALL_NOTIFICATIONS| info nva.vnist@gmail.com
2020-09-09T10:19:20.491Z |GET_MANUAL_NOTIFICATIONS| info nva.vnist@gmail.com
2020-09-09T10:19:20.492Z |GET_ALL_NOTIFICATIONS| info nva.vnist@gmail.com
2020-09-09T10:20:12.967Z |GET_MANUAL_NOTIFICATIONS| info nva.vnist@gmail.com
2020-09-09T10:20:13.017Z |GET_ALL_NOTIFICATIONS| info nva.vnist@gmail.com
2020-09-09T10:25:42.621Z |GET_MANUAL_NOTIFICATIONS| info nva.vnist@gmail.com
2020-09-09T10:25:42.622Z |GET_ALL_NOTIFICATIONS| info nva.vnist@gmail.com
2020-09-09T10:26:05.179Z |GET_MANUAL_NOTIFICATIONS| info nva.vnist@gmail.com
2020-09-09T10:26:05.499Z |GET_ALL_NOTIFICATIONS| info nva.vnist@gmail.com
2020-09-09T10:29:05.703Z |GET_MANUAL_NOTIFICATIONS| info nva.vnist@gmail.com
2020-09-09T10:29:05.736Z |GET_ALL_NOTIFICATIONS| info nva.vnist@gmail.com
2020-09-09T10:30:22.803Z |GET_MANUAL_NOTIFICATIONS| info nva.vnist@gmail.com
2020-09-09T10:30:22.810Z |GET_ALL_NOTIFICATIONS| info nva.vnist@gmail.com
2020-09-09T10:39:16.482Z |GET_ALL_NOTIFICATIONS| info nva.vnist@gmail.com
2020-09-09T10:39:16.532Z |GET_MANUAL_NOTIFICATIONS| info nva.vnist@gmail.com
2020-09-09T10:42:22.393Z |GET_ALL_NOTIFICATIONS| info nva.vnist@gmail.com
2020-09-09T10:42:22.439Z |GET_MANUAL_NOTIFICATIONS| info nva.vnist@gmail.com
2020-09-09T10:52:01.593Z |GET_MANUAL_NOTIFICATIONS| info nva.vnist@gmail.com
2020-09-09T10:52:01.595Z |GET_ALL_NOTIFICATIONS| info nva.vnist@gmail.com
2020-09-09T10:57:54.845Z |GET_MANUAL_NOTIFICATIONS| info nva.vnist@gmail.com
2020-09-09T10:57:55.364Z |GET_ALL_NOTIFICATIONS| info nva.vnist@gmail.com
2020-09-09T11:00:23.943Z |GET_MANUAL_NOTIFICATIONS| info nva.vnist@gmail.com
2020-09-09T11:00:23.950Z |GET_ALL_NOTIFICATIONS| info nva.vnist@gmail.com
2020-09-09T11:00:31.901Z |GET_MANUAL_NOTIFICATIONS| info nva.vnist@gmail.com
2020-09-09T11:00:32.104Z |GET_ALL_NOTIFICATIONS| info nva.vnist@gmail.com
2020-09-09T14:02:50.989Z |GET_MANUAL_NOTIFICATIONS| info nva.vnist@gmail.com
2020-09-09T14:02:51.053Z |GET_ALL_NOTIFICATIONS| info nva.vnist@gmail.com
2020-09-11T05:15:34.057Z |GET_MANUAL_NOTIFICATIONS| info nvd.vnist@gmail.com
2020-09-11T05:15:34.063Z |GET_ALL_NOTIFICATIONS| info nvd.vnist@gmail.com
