2020-09-24T03:22:41.003Z |GET_CATEGORIES| error admin.vnist@gmail.com
2020-09-24T03:22:41.009Z |GET_CATEGORIES| error admin.vnist@gmail.com
2020-09-24T03:24:16.629Z |GET_CATEGORIES| error admin.vnist@gmail.com
2020-09-24T03:24:16.777Z |GET_CATEGORIES| error admin.vnist@gmail.com
2020-09-24T03:24:17.102Z |GET_CATEGORIES| error admin.vnist@gmail.com
2020-09-24T03:24:17.107Z |GET_CATEGORIES| error admin.vnist@gmail.com
2020-09-24T03:28:36.640Z |GET_CATEGORIES| error admin.vnist@gmail.com
2020-09-24T03:28:36.683Z |GET_CATEGORIES| error admin.vnist@gmail.com
2020-09-24T03:30:28.060Z |GET_CATEGORIES| error admin.vnist@gmail.com
2020-09-24T03:30:28.090Z |GET_CATEGORIES| error admin.vnist@gmail.com
2020-09-24T03:31:04.026Z |GET_CATEGORIES| error admin.vnist@gmail.com
2020-09-24T03:31:04.045Z |GET_CATEGORIES| error admin.vnist@gmail.com
2020-09-24T03:31:04.320Z |GET_CATEGORIES| error admin.vnist@gmail.com
2020-09-24T03:31:04.324Z |GET_CATEGORIES| error admin.vnist@gmail.com
2020-09-24T03:32:13.196Z |GET_CATEGORIES| error admin.vnist@gmail.com
2020-09-24T03:32:13.217Z |GET_CATEGORIES| error admin.vnist@gmail.com
2020-09-24T03:34:31.754Z |GET_CATEGORIES| error admin.vnist@gmail.com
2020-09-24T03:34:31.765Z |GET_CATEGORIES| error admin.vnist@gmail.com
2020-09-24T03:35:14.623Z |GET_CATEGORIES| error admin.vnist@gmail.com
2020-09-24T03:35:14.642Z |GET_CATEGORIES| error admin.vnist@gmail.com
2020-09-24T03:36:18.250Z |GET_CATEGORIES| error admin.vnist@gmail.com
2020-09-24T03:36:18.261Z |GET_CATEGORIES| error admin.vnist@gmail.com
2020-09-24T03:40:07.725Z |GET_CATEGORIES| error admin.vnist@gmail.com
2020-09-24T03:40:07.731Z |GET_CATEGORIES| error admin.vnist@gmail.com
2020-09-24T03:54:54.209Z |GET_CATEGORIES| error admin.vnist@gmail.com
2020-09-24T03:54:54.260Z |GET_CATEGORIES| error admin.vnist@gmail.com
2020-09-24T03:54:54.553Z |GET_CATEGORIES| error admin.vnist@gmail.com
2020-09-24T03:54:54.556Z |GET_CATEGORIES| error admin.vnist@gmail.com
2020-09-24T04:22:56.975Z |GET_CATEGORIES| error admin.vnist@gmail.com
2020-09-24T04:22:56.997Z |GET_CATEGORIES| error admin.vnist@gmail.com
2020-09-24T04:22:57.219Z |GET_CATEGORIES| error admin.vnist@gmail.com
2020-09-24T04:22:57.222Z |GET_CATEGORIES| error admin.vnist@gmail.com
2020-09-24T04:28:12.934Z |GET_CATEGORIES| error admin.vnist@gmail.com
2020-09-24T04:28:12.944Z |GET_CATEGORIES| error admin.vnist@gmail.com
2020-09-24T04:36:29.379Z |GET_CATEGORIES| error admin.vnist@gmail.com
2020-09-24T04:36:29.420Z |GET_CATEGORIES| error admin.vnist@gmail.com
2020-09-24T04:36:29.767Z |GET_CATEGORIES| error admin.vnist@gmail.com
2020-09-24T04:36:29.772Z |GET_CATEGORIES| error admin.vnist@gmail.com
2020-09-24T04:38:34.115Z |GET_CATEGORIES| error admin.vnist@gmail.com
2020-09-24T04:38:34.124Z |GET_CATEGORIES| error admin.vnist@gmail.com
2020-09-24T04:44:48.982Z |GET_CATEGORIES| error admin.vnist@gmail.com
2020-09-24T04:44:48.991Z |GET_CATEGORIES| error admin.vnist@gmail.com
2020-09-24T04:55:31.697Z |GET_CATEGORIES| error admin.vnist@gmail.com
2020-09-24T04:55:31.708Z |GET_CATEGORIES| error admin.vnist@gmail.com
2020-09-24T04:58:57.117Z |GET_CATEGORIES| error admin.vnist@gmail.com
2020-09-24T04:58:57.127Z |GET_CATEGORIES| error admin.vnist@gmail.com
2020-09-24T05:01:22.368Z |GET_CATEGORIES| error admin.vnist@gmail.com
2020-09-24T05:01:22.505Z |GET_CATEGORIES| error admin.vnist@gmail.com
2020-09-24T05:01:22.813Z |GET_CATEGORIES| error admin.vnist@gmail.com
2020-09-24T05:01:22.817Z |GET_CATEGORIES| error admin.vnist@gmail.com
2020-09-24T05:01:29.068Z |GET_CATEGORIES| error admin.vnist@gmail.com
2020-09-24T05:01:29.085Z |GET_CATEGORIES| error admin.vnist@gmail.com
2020-09-24T05:02:18.832Z |GET_CATEGORIES| error admin.vnist@gmail.com
2020-09-24T05:02:18.842Z |GET_CATEGORIES| error admin.vnist@gmail.com
2020-09-24T05:03:34.791Z |GET_CATEGORIES| error admin.vnist@gmail.com
2020-09-24T05:03:34.841Z |GET_CATEGORIES| error admin.vnist@gmail.com
2020-09-24T05:03:35.146Z |GET_CATEGORIES| error admin.vnist@gmail.com
2020-09-24T05:03:35.150Z |GET_CATEGORIES| error admin.vnist@gmail.com
2020-09-24T05:04:15.752Z |GET_CATEGORIES| error admin.vnist@gmail.com
2020-09-24T05:04:15.767Z |GET_CATEGORIES| error admin.vnist@gmail.com
2020-09-24T05:07:28.456Z |GET_CATEGORIES| error admin.vnist@gmail.com
2020-09-24T05:07:28.477Z |GET_CATEGORIES| error admin.vnist@gmail.com
2020-09-24T05:09:40.045Z |GET_CATEGORIES| error admin.vnist@gmail.com
2020-09-24T05:09:40.055Z |GET_CATEGORIES| error admin.vnist@gmail.com
2020-09-24T15:11:35.080Z |EDIT_CATEGORY| error admin.vnist@gmail.com
2020-09-24T15:18:36.926Z |EDIT_CATEGORY| error admin.vnist@gmail.com
2020-09-24T15:19:00.618Z |EDIT_CATEGORY| error admin.vnist@gmail.com
2020-09-24T15:21:33.220Z |EDIT_CATEGORY| error admin.vnist@gmail.com
2020-09-24T15:21:39.133Z |EDIT_CATEGORY| error admin.vnist@gmail.com
2020-09-24T15:23:15.600Z |EDIT_CATEGORY| error admin.vnist@gmail.com
2020-09-24T15:23:32.971Z |EDIT_CATEGORY| error admin.vnist@gmail.com
2020-09-24T15:25:43.792Z |EDIT_CATEGORY| error admin.vnist@gmail.com
2020-09-24T15:25:50.362Z |EDIT_CATEGORY| error admin.vnist@gmail.com
2020-09-24T15:28:10.281Z |EDIT_CATEGORY| error admin.vnist@gmail.com
2020-09-24T15:29:13.775Z |EDIT_CATEGORY| error admin.vnist@gmail.com
2020-09-24T15:31:16.782Z |EDIT_CATEGORY| error admin.vnist@gmail.com
2020-09-24T15:32:47.795Z |EDIT_CATEGORY| error admin.vnist@gmail.com
2020-09-24T15:33:03.321Z |EDIT_CATEGORY| error admin.vnist@gmail.com
2020-09-24T15:34:51.295Z |EDIT_CATEGORY| error admin.vnist@gmail.com
2020-09-25T01:26:13.435Z |GET_GOODS_BY_TYPE_FAILED| error admin.vnist@gmail.com
2020-09-25T01:28:40.126Z |GET_GOODS_BY_TYPE_FAILED| error admin.vnist@gmail.com
2020-09-25T01:29:26.142Z |GET_GOODS_BY_TYPE_FAILED| error admin.vnist@gmail.com
2020-09-25T01:39:31.697Z |GET_GOODS_BY_TYPE_FAILED| error admin.vnist@gmail.com
2020-09-25T01:40:30.922Z |GET_GOODS_BY_TYPE_FAILED| error admin.vnist@gmail.com
2020-09-25T01:42:17.289Z |GET_GOODS_BY_TYPE_FAILED| error admin.vnist@gmail.com
2020-09-25T01:44:04.909Z |GET_GOODS_BY_TYPE_FAILED| error admin.vnist@gmail.com
2020-09-25T01:45:02.253Z |GET_GOODS_BY_TYPE_FAILED| error admin.vnist@gmail.com
2020-09-25T01:46:36.411Z |GET_GOODS_BY_TYPE_FAILED| error admin.vnist@gmail.com
2020-09-25T02:09:49.582Z |GET_GOODS_BY_TYPE_FAILED| error admin.vnist@gmail.com
2020-09-25T02:12:01.564Z |GET_GOODS_BY_TYPE_FAILED| error admin.vnist@gmail.com
2020-09-25T02:13:18.150Z |GET_GOODS_BY_TYPE_FAILED| error admin.vnist@gmail.com
2020-09-25T02:13:49.071Z |GET_GOODS_BY_TYPE_FAILED| error admin.vnist@gmail.com
2020-09-25T02:15:25.697Z |GET_GOODS_BY_TYPE_FAILED| error admin.vnist@gmail.com
2020-09-25T02:16:02.014Z |GET_GOODS_BY_TYPE_FAILED| error admin.vnist@gmail.com
2020-09-25T02:16:49.746Z |GET_GOODS_BY_TYPE_FAILED| error admin.vnist@gmail.com
2020-09-25T07:42:42.710Z |CREATE_GOOD| error admin.vnist@gmail.com
2020-09-25T07:43:24.208Z |CREATE_GOOD| error admin.vnist@gmail.com
2020-09-25T07:44:33.317Z |CREATE_GOOD| error admin.vnist@gmail.com
2020-09-25T07:45:13.914Z |CREATE_GOOD| error admin.vnist@gmail.com
2020-09-25T07:45:34.291Z |CREATE_GOOD| error admin.vnist@gmail.com
2020-09-25T07:46:54.073Z |CREATE_GOOD| error admin.vnist@gmail.com
2020-09-25T07:53:08.717Z |CREATE_GOOD| error admin.vnist@gmail.com
2020-09-25T07:54:07.694Z |CREATE_GOOD| error admin.vnist@gmail.com
2020-09-25T10:05:10.839Z |CREATE_GOOD| error admin.vnist@gmail.com
2020-09-25T10:05:31.951Z |CREATE_GOOD| error admin.vnist@gmail.com
2020-09-25T10:11:38.232Z |CREATE_GOOD| error admin.vnist@gmail.com
2020-09-25T10:22:45.734Z |CREATE_GOOD| error admin.vnist@gmail.com
2020-09-25T10:24:08.226Z |CREATE_GOOD| error admin.vnist@gmail.com
2020-09-25T10:27:29.111Z |CREATE_GOOD| error admin.vnist@gmail.com
2020-09-25T10:56:15.080Z |CREATE_GOOD| error admin.vnist@gmail.com
2020-09-26T01:31:08.156Z |CREATE_GOOD| error admin.vnist@gmail.com
2020-09-27T23:49:19.990Z |CREATE_GOOD| error admin.vnist@gmail.com
2020-09-27T23:55:58.890Z |CREATE_GOOD| error admin.vnist@gmail.com
2020-09-28T00:00:57.553Z |CREATE_GOOD| error admin.vnist@gmail.com
2020-09-28T00:26:31.097Z |CREATE_GOOD| error admin.vnist@gmail.com
2020-09-28T02:44:38.730Z |CREATE_GOOD| error admin.vnist@gmail.com
2020-09-28T07:28:21.579Z |GET_GOODS_BY_TYPE_FAILED| error admin.vnist@gmail.com
2020-09-29T03:33:30.438Z |CREATE_GOOD| error admin.vnist@gmail.com
2020-09-29T04:11:45.313Z |EDIT_GOOD| error admin.vnist@gmail.com
2020-09-29T04:14:01.411Z |EDIT_GOOD| error admin.vnist@gmail.com
2020-09-29T04:15:04.067Z |EDIT_GOOD| error admin.vnist@gmail.com
2020-09-29T04:19:07.902Z |EDIT_GOOD| error admin.vnist@gmail.com
2020-09-29T04:21:22.152Z |EDIT_GOOD| error admin.vnist@gmail.com
2020-09-29T04:26:28.823Z |EDIT_GOOD| error admin.vnist@gmail.com
2020-09-29T08:13:19.669Z |EDIT_GOOD| error admin.vnist@gmail.com
2020-09-29T08:15:52.701Z |EDIT_GOOD| error admin.vnist@gmail.com
2020-09-29T09:23:00.114Z |EDIT_GOOD| error admin.vnist@gmail.com
2020-09-29T09:40:37.422Z |EDIT_GOOD| error admin.vnist@gmail.com
2020-09-30T04:00:35.189Z |EDIT_GOOD| error admin.vnist@gmail.com
2020-09-30T04:04:11.709Z |EDIT_GOOD| error admin.vnist@gmail.com
2020-09-30T04:05:11.437Z |EDIT_GOOD| error admin.vnist@gmail.com
2020-09-30T04:06:26.645Z |EDIT_GOOD| error admin.vnist@gmail.com
2020-09-30T04:08:52.391Z |EDIT_GOOD| error admin.vnist@gmail.com
2020-09-30T04:09:30.434Z |EDIT_GOOD| error admin.vnist@gmail.com
2020-09-30T04:10:15.880Z |EDIT_GOOD| error admin.vnist@gmail.com
2020-09-30T04:10:46.094Z |EDIT_GOOD| error admin.vnist@gmail.com
2020-09-30T04:11:58.878Z |EDIT_GOOD| error admin.vnist@gmail.com
2020-09-30T04:12:38.213Z |EDIT_GOOD| error admin.vnist@gmail.com
2020-09-30T04:13:18.208Z |EDIT_GOOD| error admin.vnist@gmail.com
2020-09-30T04:13:53.464Z |EDIT_GOOD| error admin.vnist@gmail.com
2020-09-30T04:17:09.951Z |EDIT_GOOD| error admin.vnist@gmail.com
2020-10-01T04:32:30.515Z |CREATE_STOCK| error admin.vnist@gmail.com
2020-10-01T04:34:27.090Z |CREATE_STOCK| error admin.vnist@gmail.com
2020-10-01T04:35:59.731Z |CREATE_STOCK| error admin.vnist@gmail.com
2020-10-01T04:38:42.429Z |CREATE_STOCK| error admin.vnist@gmail.com
2020-10-01T04:41:03.046Z |CREATE_STOCK| error admin.vnist@gmail.com
2020-10-01T04:42:25.711Z |CREATE_STOCK| error admin.vnist@gmail.com
2020-10-01T04:43:56.439Z |CREATE_STOCK| error admin.vnist@gmail.com
2020-10-01T04:45:59.456Z |CREATE_STOCK| error admin.vnist@gmail.com
2020-10-02T02:28:22.695Z |EDIT_STOCK| error admin.vnist@gmail.com
2020-10-02T07:34:17.634Z |GET_STOCK| error admin.vnist@gmail.com
2020-10-02T07:35:25.162Z |GET_STOCK| error admin.vnist@gmail.com
2020-10-02T07:51:55.634Z |GET_STOCK| error admin.vnist@gmail.com
2020-10-05T00:08:28.349Z |get_links_of_role_faile| error admin.vnist@gmail.com
2020-10-05T00:08:28.390Z |get_links_of_role_faile| error admin.vnist@gmail.com
2020-10-05T00:08:28.610Z |get_links_of_role_faile| error admin.vnist@gmail.com
2020-10-05T00:08:37.124Z |get_links_of_role_faile| error admin.vnist@gmail.com
2020-10-05T00:08:37.151Z |get_links_of_role_faile| error admin.vnist@gmail.com
2020-10-05T00:08:52.234Z |get_links_of_role_faile| error admin.vnist@gmail.com
2020-10-05T00:08:52.261Z |get_links_of_role_faile| error admin.vnist@gmail.com
2020-10-05T00:10:10.758Z |get_links_of_role_faile| error admin.vnist@gmail.com
2020-10-05T00:10:10.797Z |get_links_of_role_faile| error admin.vnist@gmail.com
2020-10-05T00:13:15.921Z |get_links_of_role_faile| error admin.vnist@gmail.com
2020-10-05T00:13:15.939Z |get_links_of_role_faile| error admin.vnist@gmail.com
2020-10-05T00:14:43.527Z |get_links_of_role_faile| error admin.vnist@gmail.com
2020-10-05T00:14:43.577Z |get_links_of_role_faile| error admin.vnist@gmail.com
2020-10-05T00:14:51.743Z |logout_faile| error admin.vnist@gmail.com
2020-10-05T00:14:56.690Z |get_links_of_role_faile| error admin.vnist@gmail.com
2020-10-05T00:14:56.736Z |get_links_of_role_faile| error admin.vnist@gmail.com
